\BOOKMARK [0][-]{chapter.1}{\376\377\000O\000v\000e\000r\000v\000i\000e\000w}{}% 1
\BOOKMARK [0][-]{chapter.2}{\376\377\000I\000n\000s\000t\000a\000l\000l\000a\000t\000i\000o\000n}{}% 2
\BOOKMARK [0][-]{chapter.3}{\376\377\000T\000u\000t\000o\000r\000i\000a\000l\000:\000\040\000P\000e\000r\000f\000o\000r\000m\000i\000n\000g\000\040\000C\000o\000o\000r\000d\000i\000n\000a\000t\000e\000\040\000T\000r\000a\000n\000s\000f\000o\000r\000m\000s\000\040\000o\000n\000\040\000A\000l\000c\000a\000t\000o\000r\000\040\000C\000-\000M\000o\000d\000\040\000D\000a\000t\000a}{}% 3
\BOOKMARK [0][-]{chapter.4}{\376\377\000P\000a\000c\000k\000a\000g\000e\000\040\000R\000e\000f\000e\000r\000e\000n\000c\000e}{}% 4
\BOOKMARK [1][-]{section.4.1}{\376\377\000e\000q\000t\000o\000o\000l\000s\000\040\000p\000a\000c\000k\000a\000g\000e}{chapter.4}% 5
\BOOKMARK [2][-]{subsection.4.1.1}{\376\377\000S\000u\000b\000m\000o\000d\000u\000l\000e\000s}{section.4.1}% 6
\BOOKMARK [2][-]{subsection.4.1.2}{\376\377\000e\000q\000t\000o\000o\000l\000s\000.\000A\000U\000G\000D\000a\000t\000a\000\040\000m\000o\000d\000u\000l\000e}{section.4.1}% 7
\BOOKMARK [2][-]{subsection.4.1.3}{\376\377\000e\000q\000t\000o\000o\000l\000s\000.\000C\000M\000o\000d\000E\000F\000I\000T\000\040\000m\000o\000d\000u\000l\000e}{section.4.1}% 8
\BOOKMARK [2][-]{subsection.4.1.4}{\376\377\000e\000q\000t\000o\000o\000l\000s\000.\000D\0003\000D\000E\000F\000I\000T\000\040\000m\000o\000d\000u\000l\000e}{section.4.1}% 9
\BOOKMARK [2][-]{subsection.4.1.5}{\376\377\000e\000q\000t\000o\000o\000l\000s\000.\000E\000F\000I\000T\000\040\000m\000o\000d\000u\000l\000e}{section.4.1}% 10
\BOOKMARK [2][-]{subsection.4.1.6}{\376\377\000e\000q\000t\000o\000o\000l\000s\000.\000F\000r\000o\000m\000A\000r\000r\000a\000y\000s\000\040\000m\000o\000d\000u\000l\000e}{section.4.1}% 11
\BOOKMARK [2][-]{subsection.4.1.7}{\376\377\000e\000q\000t\000o\000o\000l\000s\000.\000N\000S\000T\000X\000E\000F\000I\000T\000\040\000m\000o\000d\000u\000l\000e}{section.4.1}% 12
\BOOKMARK [2][-]{subsection.4.1.8}{\376\377\000e\000q\000t\000o\000o\000l\000s\000.\000T\000C\000V\000L\000I\000U\000Q\000E\000\040\000m\000o\000d\000u\000l\000e}{section.4.1}% 13
\BOOKMARK [2][-]{subsection.4.1.9}{\376\377\000e\000q\000t\000o\000o\000l\000s\000.\000a\000f\000i\000l\000e\000r\000e\000a\000d\000e\000r\000\040\000m\000o\000d\000u\000l\000e}{section.4.1}% 14
\BOOKMARK [2][-]{subsection.4.1.10}{\376\377\000e\000q\000t\000o\000o\000l\000s\000.\000c\000o\000r\000e\000\040\000m\000o\000d\000u\000l\000e}{section.4.1}% 15
\BOOKMARK [2][-]{subsection.4.1.11}{\376\377\000e\000q\000t\000o\000o\000l\000s\000.\000e\000q\000d\000s\000k\000r\000e\000a\000d\000e\000r\000\040\000m\000o\000d\000u\000l\000e}{section.4.1}% 16
\BOOKMARK [2][-]{subsection.4.1.12}{\376\377\000e\000q\000t\000o\000o\000l\000s\000.\000f\000i\000l\000e\000w\000r\000i\000t\000e\000r\000\040\000m\000o\000d\000u\000l\000e}{section.4.1}% 17
\BOOKMARK [2][-]{subsection.4.1.13}{\376\377\000e\000q\000t\000o\000o\000l\000s\000.\000p\000f\000i\000l\000e\000r\000e\000a\000d\000e\000r\000\040\000m\000o\000d\000u\000l\000e}{section.4.1}% 18
\BOOKMARK [2][-]{subsection.4.1.14}{\376\377\000e\000q\000t\000o\000o\000l\000s\000.\000t\000r\000i\000s\000p\000l\000i\000n\000e\000\040\000m\000o\000d\000u\000l\000e}{section.4.1}% 19
\BOOKMARK [2][-]{subsection.4.1.15}{\376\377\000M\000o\000d\000u\000l\000e\000\040\000c\000o\000n\000t\000e\000n\000t\000s}{section.4.1}% 20
\BOOKMARK [0][-]{chapter.5}{\376\377\000I\000n\000d\000i\000c\000e\000s\000\040\000a\000n\000d\000\040\000t\000a\000b\000l\000e\000s}{}% 21
\BOOKMARK [0][-]{section*.469}{\376\377\000P\000y\000t\000h\000o\000n\000\040\000M\000o\000d\000u\000l\000e\000\040\000I\000n\000d\000e\000x}{}% 22
\BOOKMARK [0][-]{section*.470}{\376\377\000I\000n\000d\000e\000x}{}% 23
