This is pdfTeX, Version 3.14159265-2.6-1.40.20 (TeX Live 2019) (preloaded format=pdflatex 2019.8.31)  1 SEP 2020 20:56
entering extended mode
 restricted \write18 enabled.
 %&-line parsing enabled.
**eqtools.tex
(./eqtools.tex
LaTeX2e <2018-12-01>
(./sphinxmanual.cls
Document Class: sphinxmanual 2018/12/23 v2.0 Document class (Sphinx manual)
(/usr/local/texlive/2019/texmf-dist/tex/latex/base/report.cls
Document Class: report 2018/09/03 v1.4i Standard LaTeX document class
(/usr/local/texlive/2019/texmf-dist/tex/latex/base/size10.clo
File: size10.clo 2018/09/03 v1.4i Standard LaTeX file (size option)
)
\c@part=\count80
\c@chapter=\count81
\c@section=\count82
\c@subsection=\count83
\c@subsubsection=\count84
\c@paragraph=\count85
\c@subparagraph=\count86
\c@figure=\count87
\c@table=\count88
\abovecaptionskip=\skip41
\belowcaptionskip=\skip42
\bibindent=\dimen102
))
(/usr/local/texlive/2019/texmf-dist/tex/latex/base/inputenc.sty
Package: inputenc 2018/08/11 v1.3c Input encoding file
\inpenc@prehook=\toks14
\inpenc@posthook=\toks15
)
   defining Unicode char U+00A0 (decimal 160)
   defining Unicode char U+2500 (decimal 9472)
   defining Unicode char U+2502 (decimal 9474)
   defining Unicode char U+2514 (decimal 9492)
   defining Unicode char U+251C (decimal 9500)
   defining Unicode char U+2572 (decimal 9586)

(/usr/local/texlive/2019/texmf-dist/tex/latex/cmap/cmap.sty
Package: cmap 2008/03/06 v1.0h CMap support: searchable PDF
)
(/usr/local/texlive/2019/texmf-dist/tex/latex/base/fontenc.sty
Package: fontenc 2018/08/11 v2.0j Standard LaTeX package

(/usr/local/texlive/2019/texmf-dist/tex/latex/base/t1enc.def
File: t1enc.def 2018/08/11 v2.0j Standard LaTeX file
LaTeX Font Info:    Redeclaring font encoding T1 on input line 48.
)<<t1.cmap>>)
(/usr/local/texlive/2019/texmf-dist/tex/latex/amsmath/amsmath.sty
Package: amsmath 2018/12/01 v2.17b AMS math features
\@mathmargin=\skip43

For additional information on amsmath, use the `?' option.
(/usr/local/texlive/2019/texmf-dist/tex/latex/amsmath/amstext.sty
Package: amstext 2000/06/29 v2.01 AMS text

(/usr/local/texlive/2019/texmf-dist/tex/latex/amsmath/amsgen.sty
File: amsgen.sty 1999/11/30 v2.0 generic functions
\@emptytoks=\toks16
\ex@=\dimen103
))
(/usr/local/texlive/2019/texmf-dist/tex/latex/amsmath/amsbsy.sty
Package: amsbsy 1999/11/29 v1.2d Bold Symbols
\pmbraise@=\dimen104
)
(/usr/local/texlive/2019/texmf-dist/tex/latex/amsmath/amsopn.sty
Package: amsopn 2016/03/08 v2.02 operator names
)
\inf@bad=\count89
LaTeX Info: Redefining \frac on input line 223.
\uproot@=\count90
\leftroot@=\count91
LaTeX Info: Redefining \overline on input line 385.
\classnum@=\count92
\DOTSCASE@=\count93
LaTeX Info: Redefining \ldots on input line 482.
LaTeX Info: Redefining \dots on input line 485.
LaTeX Info: Redefining \cdots on input line 606.
\Mathstrutbox@=\box27
\strutbox@=\box28
\big@size=\dimen105
LaTeX Font Info:    Redeclaring font encoding OML on input line 729.
LaTeX Font Info:    Redeclaring font encoding OMS on input line 730.
\macc@depth=\count94
\c@MaxMatrixCols=\count95
\dotsspace@=\muskip10
\c@parentequation=\count96
\dspbrk@lvl=\count97
\tag@help=\toks17
\row@=\count98
\column@=\count99
\maxfields@=\count100
\andhelp@=\toks18
\eqnshift@=\dimen106
\alignsep@=\dimen107
\tagshift@=\dimen108
\tagwidth@=\dimen109
\totwidth@=\dimen110
\lineht@=\dimen111
\@envbody=\toks19
\multlinegap=\skip44
\multlinetaggap=\skip45
\mathdisplay@stack=\toks20
LaTeX Info: Redefining \[ on input line 2844.
LaTeX Info: Redefining \] on input line 2845.
)
(/usr/local/texlive/2019/texmf-dist/tex/latex/amsfonts/amssymb.sty
Package: amssymb 2013/01/14 v3.01 AMS font symbols

(/usr/local/texlive/2019/texmf-dist/tex/latex/amsfonts/amsfonts.sty
Package: amsfonts 2013/01/14 v3.01 Basic AMSFonts support
\symAMSa=\mathgroup4
\symAMSb=\mathgroup5
LaTeX Font Info:    Overwriting math alphabet `\mathfrak' in version `bold'
(Font)                  U/euf/m/n --> U/euf/b/n on input line 106.
))
(/usr/local/texlive/2019/texmf-dist/tex/generic/babel/babel.sty
Package: babel 2019/07/19 3.33 The Babel package

(/usr/local/texlive/2019/texmf-dist/tex/generic/babel/switch.def
File: switch.def 2019/07/19 3.33 Babel switching mechanism
)
(/usr/local/texlive/2019/texmf-dist/tex/generic/babel-english/english.ldf
Language: english 2017/06/06 v3.3r English support from the babel system

(/usr/local/texlive/2019/texmf-dist/tex/generic/babel/babel.def
File: babel.def 2019/07/19 3.33 Babel common definitions
\babel@savecnt=\count101
\U@D=\dimen112

(/usr/local/texlive/2019/texmf-dist/tex/generic/babel/txtbabel.def)
\bbl@dirlevel=\count102
)
\l@canadian = a dialect from \language\l@american 
\l@australian = a dialect from \language\l@british 
\l@newzealand = a dialect from \language\l@british 
))
(/usr/local/texlive/2019/texmf-dist/tex/latex/psnfss/times.sty
Package: times 2005/04/12 PSNFSS-v9.2a (SPQR) 
) (./fncychap.sty
Package: fncychap 2007/07/30 v1.34 LaTeX package (Revised chapters)
\RW=\skip46
\mylen=\skip47
\myhi=\skip48
\px=\skip49
\py=\skip50
\pyy=\skip51
\pxx=\skip52
\c@AlphaCnt=\count103
\c@AlphaDecCnt=\count104
) (./sphinx.sty
Package: sphinx 2019/06/04 v2.1.1 LaTeX package (Sphinx markup)

(/usr/local/texlive/2019/texmf-dist/tex/generic/oberdiek/ltxcmds.sty
Package: ltxcmds 2016/05/16 v1.23 LaTeX kernel commands for general use (HO)
)
(/usr/local/texlive/2019/texmf-dist/tex/latex/graphics/graphicx.sty
Package: graphicx 2017/06/01 v1.1a Enhanced LaTeX Graphics (DPC,SPQR)

(/usr/local/texlive/2019/texmf-dist/tex/latex/graphics/keyval.sty
Package: keyval 2014/10/28 v1.15 key=value parser (DPC)
\KV@toks@=\toks21
)
(/usr/local/texlive/2019/texmf-dist/tex/latex/graphics/graphics.sty
Package: graphics 2017/06/25 v1.2c Standard LaTeX Graphics (DPC,SPQR)

(/usr/local/texlive/2019/texmf-dist/tex/latex/graphics/trig.sty
Package: trig 2016/01/03 v1.10 sin cos tan (DPC)
)
(/usr/local/texlive/2019/texmf-dist/tex/latex/graphics-cfg/graphics.cfg
File: graphics.cfg 2016/06/04 v1.11 sample graphics configuration
)
Package graphics Info: Driver file: pdftex.def on input line 99.

(/usr/local/texlive/2019/texmf-dist/tex/latex/graphics-def/pdftex.def
File: pdftex.def 2018/01/08 v1.0l Graphics/color driver for pdftex
))
\Gin@req@height=\dimen113
\Gin@req@width=\dimen114
)
(/usr/local/texlive/2019/texmf-dist/tex/latex/fancyhdr/fancyhdr.sty
Package: fancyhdr 2019/01/31 v3.10 Extensive control of page headers and footer
s
\f@nch@headwidth=\skip53
\f@nch@O@elh=\skip54
\f@nch@O@erh=\skip55
\f@nch@O@olh=\skip56
\f@nch@O@orh=\skip57
\f@nch@O@elf=\skip58
\f@nch@O@erf=\skip59
\f@nch@O@olf=\skip60
\f@nch@O@orf=\skip61
)
(/usr/local/texlive/2019/texmf-dist/tex/latex/base/textcomp.sty
Package: textcomp 2018/08/11 v2.0j Standard LaTeX package
Package textcomp Info: Sub-encoding information:
(textcomp)               5 = only ISO-Adobe without \textcurrency
(textcomp)               4 = 5 + \texteuro
(textcomp)               3 = 4 + \textohm
(textcomp)               2 = 3 + \textestimated + \textcurrency
(textcomp)               1 = TS1 - \textcircled - \t
(textcomp)               0 = TS1 (full)
(textcomp)             Font families with sub-encoding setting implement
(textcomp)             only a restricted character set as indicated.
(textcomp)             Family '?' is the default used for unknown fonts.
(textcomp)             See the documentation for details.
Package textcomp Info: Setting ? sub-encoding to TS1/1 on input line 79.

(/usr/local/texlive/2019/texmf-dist/tex/latex/base/ts1enc.def
File: ts1enc.def 2001/06/05 v3.0e (jk/car/fm) Standard LaTeX file
Now handling font encoding TS1 ...
... processing UTF-8 mapping file for font encoding TS1

(/usr/local/texlive/2019/texmf-dist/tex/latex/base/ts1enc.dfu
File: ts1enc.dfu 2018/10/05 v1.2f UTF-8 support for inputenc
   defining Unicode char U+00A2 (decimal 162)
   defining Unicode char U+00A3 (decimal 163)
   defining Unicode char U+00A4 (decimal 164)
   defining Unicode char U+00A5 (decimal 165)
   defining Unicode char U+00A6 (decimal 166)
   defining Unicode char U+00A7 (decimal 167)
   defining Unicode char U+00A8 (decimal 168)
   defining Unicode char U+00A9 (decimal 169)
   defining Unicode char U+00AA (decimal 170)
   defining Unicode char U+00AC (decimal 172)
   defining Unicode char U+00AE (decimal 174)
   defining Unicode char U+00AF (decimal 175)
   defining Unicode char U+00B0 (decimal 176)
   defining Unicode char U+00B1 (decimal 177)
   defining Unicode char U+00B2 (decimal 178)
   defining Unicode char U+00B3 (decimal 179)
   defining Unicode char U+00B4 (decimal 180)
   defining Unicode char U+00B5 (decimal 181)
   defining Unicode char U+00B6 (decimal 182)
   defining Unicode char U+00B7 (decimal 183)
   defining Unicode char U+00B9 (decimal 185)
   defining Unicode char U+00BA (decimal 186)
   defining Unicode char U+00BC (decimal 188)
   defining Unicode char U+00BD (decimal 189)
   defining Unicode char U+00BE (decimal 190)
   defining Unicode char U+00D7 (decimal 215)
   defining Unicode char U+00F7 (decimal 247)
   defining Unicode char U+0192 (decimal 402)
   defining Unicode char U+02C7 (decimal 711)
   defining Unicode char U+02D8 (decimal 728)
   defining Unicode char U+02DD (decimal 733)
   defining Unicode char U+0E3F (decimal 3647)
   defining Unicode char U+2016 (decimal 8214)
   defining Unicode char U+2020 (decimal 8224)
   defining Unicode char U+2021 (decimal 8225)
   defining Unicode char U+2022 (decimal 8226)
   defining Unicode char U+2030 (decimal 8240)
   defining Unicode char U+2031 (decimal 8241)
   defining Unicode char U+203B (decimal 8251)
   defining Unicode char U+203D (decimal 8253)
   defining Unicode char U+2044 (decimal 8260)
   defining Unicode char U+204E (decimal 8270)
   defining Unicode char U+2052 (decimal 8274)
   defining Unicode char U+20A1 (decimal 8353)
   defining Unicode char U+20A4 (decimal 8356)
   defining Unicode char U+20A6 (decimal 8358)
   defining Unicode char U+20A9 (decimal 8361)
   defining Unicode char U+20AB (decimal 8363)
   defining Unicode char U+20AC (decimal 8364)
   defining Unicode char U+20B1 (decimal 8369)
   defining Unicode char U+2103 (decimal 8451)
   defining Unicode char U+2116 (decimal 8470)
   defining Unicode char U+2117 (decimal 8471)
   defining Unicode char U+211E (decimal 8478)
   defining Unicode char U+2120 (decimal 8480)
   defining Unicode char U+2122 (decimal 8482)
   defining Unicode char U+2126 (decimal 8486)
   defining Unicode char U+2127 (decimal 8487)
   defining Unicode char U+212E (decimal 8494)
   defining Unicode char U+2190 (decimal 8592)
   defining Unicode char U+2191 (decimal 8593)
   defining Unicode char U+2192 (decimal 8594)
   defining Unicode char U+2193 (decimal 8595)
   defining Unicode char U+2329 (decimal 9001)
   defining Unicode char U+232A (decimal 9002)
   defining Unicode char U+2422 (decimal 9250)
   defining Unicode char U+25E6 (decimal 9702)
   defining Unicode char U+25EF (decimal 9711)
   defining Unicode char U+266A (decimal 9834)
   defining Unicode char U+FEFF (decimal 65279)
))
LaTeX Info: Redefining \oldstylenums on input line 334.
Package textcomp Info: Setting cmr sub-encoding to TS1/0 on input line 349.
Package textcomp Info: Setting cmss sub-encoding to TS1/0 on input line 350.
Package textcomp Info: Setting cmtt sub-encoding to TS1/0 on input line 351.
Package textcomp Info: Setting cmvtt sub-encoding to TS1/0 on input line 352.
Package textcomp Info: Setting cmbr sub-encoding to TS1/0 on input line 353.
Package textcomp Info: Setting cmtl sub-encoding to TS1/0 on input line 354.
Package textcomp Info: Setting ccr sub-encoding to TS1/0 on input line 355.
Package textcomp Info: Setting ptm sub-encoding to TS1/4 on input line 356.
Package textcomp Info: Setting pcr sub-encoding to TS1/4 on input line 357.
Package textcomp Info: Setting phv sub-encoding to TS1/4 on input line 358.
Package textcomp Info: Setting ppl sub-encoding to TS1/3 on input line 359.
Package textcomp Info: Setting pag sub-encoding to TS1/4 on input line 360.
Package textcomp Info: Setting pbk sub-encoding to TS1/4 on input line 361.
Package textcomp Info: Setting pnc sub-encoding to TS1/4 on input line 362.
Package textcomp Info: Setting pzc sub-encoding to TS1/4 on input line 363.
Package textcomp Info: Setting bch sub-encoding to TS1/4 on input line 364.
Package textcomp Info: Setting put sub-encoding to TS1/5 on input line 365.
Package textcomp Info: Setting uag sub-encoding to TS1/5 on input line 366.
Package textcomp Info: Setting ugq sub-encoding to TS1/5 on input line 367.
Package textcomp Info: Setting ul8 sub-encoding to TS1/4 on input line 368.
Package textcomp Info: Setting ul9 sub-encoding to TS1/4 on input line 369.
Package textcomp Info: Setting augie sub-encoding to TS1/5 on input line 370.
Package textcomp Info: Setting dayrom sub-encoding to TS1/3 on input line 371.
Package textcomp Info: Setting dayroms sub-encoding to TS1/3 on input line 372.

Package textcomp Info: Setting pxr sub-encoding to TS1/0 on input line 373.
Package textcomp Info: Setting pxss sub-encoding to TS1/0 on input line 374.
Package textcomp Info: Setting pxtt sub-encoding to TS1/0 on input line 375.
Package textcomp Info: Setting txr sub-encoding to TS1/0 on input line 376.
Package textcomp Info: Setting txss sub-encoding to TS1/0 on input line 377.
Package textcomp Info: Setting txtt sub-encoding to TS1/0 on input line 378.
Package textcomp Info: Setting lmr sub-encoding to TS1/0 on input line 379.
Package textcomp Info: Setting lmdh sub-encoding to TS1/0 on input line 380.
Package textcomp Info: Setting lmss sub-encoding to TS1/0 on input line 381.
Package textcomp Info: Setting lmssq sub-encoding to TS1/0 on input line 382.
Package textcomp Info: Setting lmvtt sub-encoding to TS1/0 on input line 383.
Package textcomp Info: Setting lmtt sub-encoding to TS1/0 on input line 384.
Package textcomp Info: Setting qhv sub-encoding to TS1/0 on input line 385.
Package textcomp Info: Setting qag sub-encoding to TS1/0 on input line 386.
Package textcomp Info: Setting qbk sub-encoding to TS1/0 on input line 387.
Package textcomp Info: Setting qcr sub-encoding to TS1/0 on input line 388.
Package textcomp Info: Setting qcs sub-encoding to TS1/0 on input line 389.
Package textcomp Info: Setting qpl sub-encoding to TS1/0 on input line 390.
Package textcomp Info: Setting qtm sub-encoding to TS1/0 on input line 391.
Package textcomp Info: Setting qzc sub-encoding to TS1/0 on input line 392.
Package textcomp Info: Setting qhvc sub-encoding to TS1/0 on input line 393.
Package textcomp Info: Setting futs sub-encoding to TS1/4 on input line 394.
Package textcomp Info: Setting futx sub-encoding to TS1/4 on input line 395.
Package textcomp Info: Setting futj sub-encoding to TS1/4 on input line 396.
Package textcomp Info: Setting hlh sub-encoding to TS1/3 on input line 397.
Package textcomp Info: Setting hls sub-encoding to TS1/3 on input line 398.
Package textcomp Info: Setting hlst sub-encoding to TS1/3 on input line 399.
Package textcomp Info: Setting hlct sub-encoding to TS1/5 on input line 400.
Package textcomp Info: Setting hlx sub-encoding to TS1/5 on input line 401.
Package textcomp Info: Setting hlce sub-encoding to TS1/5 on input line 402.
Package textcomp Info: Setting hlcn sub-encoding to TS1/5 on input line 403.
Package textcomp Info: Setting hlcw sub-encoding to TS1/5 on input line 404.
Package textcomp Info: Setting hlcf sub-encoding to TS1/5 on input line 405.
Package textcomp Info: Setting pplx sub-encoding to TS1/3 on input line 406.
Package textcomp Info: Setting pplj sub-encoding to TS1/3 on input line 407.
Package textcomp Info: Setting ptmx sub-encoding to TS1/4 on input line 408.
Package textcomp Info: Setting ptmj sub-encoding to TS1/4 on input line 409.
)
(/usr/local/texlive/2019/texmf-dist/tex/latex/titlesec/titlesec.sty
Package: titlesec 2019/07/16 v2.11 Sectioning titles
\ttl@box=\box29
\beforetitleunit=\skip62
\aftertitleunit=\skip63
\ttl@plus=\dimen115
\ttl@minus=\dimen116
\ttl@toksa=\toks22
\titlewidth=\dimen117
\titlewidthlast=\dimen118
\titlewidthfirst=\dimen119
)
(./tabulary.sty
Package: tabulary 2007/10/02 v0.9 tabulary package (DPC)
 (/usr/local/texlive/2019/texmf-dist/tex/latex/tools/array.sty
Package: array 2018/12/30 v2.4k Tabular extension package (FMi)
\col@sep=\dimen120
\ar@mcellbox=\box30
\extrarowheight=\dimen121
\NC@list=\toks23
\extratabsurround=\skip64
\backup@length=\skip65
\ar@cellbox=\box31
)
\TY@count=\count105
\TY@linewidth=\dimen122
\tymin=\dimen123
\tymax=\dimen124
\TY@tablewidth=\dimen125
) (/usr/local/texlive/2019/texmf-dist/tex/latex/tools/longtable.sty
Package: longtable 2014/10/28 v4.11 Multi-page Table package (DPC)+ FMi change
\LTleft=\skip66
\LTright=\skip67
\LTpre=\skip68
\LTpost=\skip69
\LTchunksize=\count106
\LTcapwidth=\dimen126
\LT@head=\box32
\LT@firsthead=\box33
\LT@foot=\box34
\LT@lastfoot=\box35
\LT@cols=\count107
\LT@rows=\count108
\c@LT@tables=\count109
\c@LT@chunks=\count110
\LT@p@ftn=\toks24
)
(/usr/local/texlive/2019/texmf-dist/tex/latex/varwidth/varwidth.sty
Package: varwidth 2009/03/30 ver 0.92;  Variable-width minipages
\@vwid@box=\box36
\sift@deathcycles=\count111
\@vwid@loff=\dimen127
\@vwid@roff=\dimen128
)
(./sphinxmulticell.sty
Package: sphinxmulticell 2017/02/23 v1.6 better span rows and columns of a tabl
e (Sphinx team)
\sphinx@TY@tablewidth=\dimen129
)
(/usr/local/texlive/2019/texmf-dist/tex/latex/base/makeidx.sty
Package: makeidx 2014/09/29 v1.0m Standard LaTeX package
)
(/usr/local/texlive/2019/texmf-dist/tex/latex/framed/framed.sty
Package: framed 2011/10/22 v 0.96: framed or shaded text with page breaks
\OuterFrameSep=\skip70
\fb@frw=\dimen130
\fb@frh=\dimen131
\FrameRule=\dimen132
\FrameSep=\dimen133
)
(/usr/local/texlive/2019/texmf-dist/tex/latex/xcolor/xcolor.sty
Package: xcolor 2016/05/11 v2.12 LaTeX color extensions (UK)

(/usr/local/texlive/2019/texmf-dist/tex/latex/graphics-cfg/color.cfg
File: color.cfg 2016/01/02 v1.6 sample color configuration
)
Package xcolor Info: Driver file: pdftex.def on input line 225.
Package xcolor Info: Model `cmy' substituted by `cmy0' on input line 1348.
Package xcolor Info: Model `hsb' substituted by `rgb' on input line 1352.
Package xcolor Info: Model `RGB' extended on input line 1364.
Package xcolor Info: Model `HTML' substituted by `rgb' on input line 1366.
Package xcolor Info: Model `Hsb' substituted by `hsb' on input line 1367.
Package xcolor Info: Model `tHsb' substituted by `hsb' on input line 1368.
Package xcolor Info: Model `HSB' substituted by `hsb' on input line 1369.
Package xcolor Info: Model `Gray' substituted by `gray' on input line 1370.
Package xcolor Info: Model `wave' substituted by `hsb' on input line 1371.
)
(/usr/local/texlive/2019/texmf-dist/tex/latex/fancyvrb/fancyvrb.sty
Package: fancyvrb 2019/01/15

Style option: `fancyvrb' v3.2a <2019/01/15> (tvz)
\FV@CodeLineNo=\count112
\FV@InFile=\read1
\FV@TabBox=\box37
\c@FancyVerbLine=\count113
\FV@StepNumber=\count114
\FV@OutFile=\write3
) (./footnotehyper-sphinx.sty
Package: footnotehyper-sphinx 2017/10/27 v1.7 hyperref aware footnote.sty for s
phinx (JFB)
\FNH@notes=\box38
\FNH@width=\dimen134
) (/usr/local/texlive/2019/texmf-dist/tex/latex/float/float.sty
Package: float 2001/11/08 v1.3d Float enhancements (AL)
\c@float@type=\count115
\float@exts=\toks25
\float@box=\box39
\@float@everytoks=\toks26
\@floatcapt=\box40
)
(/usr/local/texlive/2019/texmf-dist/tex/latex/wrapfig/wrapfig.sty
\wrapoverhang=\dimen135
\WF@size=\dimen136
\c@WF@wrappedlines=\count116
\WF@box=\box41
\WF@everypar=\toks27
Package: wrapfig 2003/01/31  v 3.6
)
(/usr/local/texlive/2019/texmf-dist/tex/latex/parskip/parskip.sty
Rollback for package 'parskip' requested -> version 'v1'.
         This corresponds to the release introduced on 2001-04-09.

(/usr/local/texlive/2019/texmf-dist/tex/latex/parskip/parskip-2001-04-09.sty
Package: parskip 2001/04/09 non-zero parskip adjustments
))
(/usr/local/texlive/2019/texmf-dist/tex/latex/base/alltt.sty
Package: alltt 1997/06/16 v2.0g defines alltt environment
)
(/usr/local/texlive/2019/texmf-dist/tex/latex/upquote/upquote.sty
Package: upquote 2012/04/19 v1.3 upright-quote and grave-accent glyphs in verba
tim
)
(/usr/local/texlive/2019/texmf-dist/tex/latex/capt-of/capt-of.sty
Package: capt-of 2009/12/29 v0.2 standard captions outside of floats
)
(/usr/local/texlive/2019/texmf-dist/tex/latex/needspace/needspace.sty
Package: needspace 2010/09/12 v1.3d reserve vertical space
)
(./sphinxhighlight.sty
Package: sphinxhighlight 2016/05/29 stylesheet for highlighting with pygments
)
(/usr/local/texlive/2019/texmf-dist/tex/latex/oberdiek/kvoptions.sty
Package: kvoptions 2016/05/16 v3.12 Key value format for package options (HO)

(/usr/local/texlive/2019/texmf-dist/tex/generic/oberdiek/kvsetkeys.sty
Package: kvsetkeys 2016/05/16 v1.17 Key value parser (HO)

(/usr/local/texlive/2019/texmf-dist/tex/generic/oberdiek/infwarerr.sty
Package: infwarerr 2016/05/16 v1.4 Providing info/warning/error messages (HO)
)
(/usr/local/texlive/2019/texmf-dist/tex/generic/oberdiek/etexcmds.sty
Package: etexcmds 2016/05/16 v1.6 Avoid name clashes with e-TeX commands (HO)

(/usr/local/texlive/2019/texmf-dist/tex/generic/oberdiek/ifluatex.sty
Package: ifluatex 2016/05/16 v1.4 Provides the ifluatex switch (HO)
Package ifluatex Info: LuaTeX not detected.
))))
\sphinxverbatimsep=\dimen137
\sphinxverbatimborder=\dimen138
\sphinxshadowsep=\dimen139
\sphinxshadowsize=\dimen140
\sphinxshadowrule=\dimen141
\spx@notice@border=\dimen142
\spx@image@maxheight=\dimen143
\spx@image@box=\dimen144
\c@literalblock=\count117
\sphinxcontinuationbox=\box42
\sphinxvisiblespacebox=\box43
\sphinxVerbatim@TitleBox=\box44
\py@argswidth=\skip71
\lineblockindentation=\skip72
\DUlineblockindent=\skip73
)
(/usr/local/texlive/2019/texmf-dist/tex/latex/geometry/geometry.sty
Package: geometry 2018/04/16 v5.8 Page Geometry

(/usr/local/texlive/2019/texmf-dist/tex/generic/oberdiek/ifpdf.sty
Package: ifpdf 2018/09/07 v3.3 Provides the ifpdf switch
)
(/usr/local/texlive/2019/texmf-dist/tex/generic/oberdiek/ifvtex.sty
Package: ifvtex 2016/05/16 v1.6 Detect VTeX and its facilities (HO)
Package ifvtex Info: VTeX not detected.
)
(/usr/local/texlive/2019/texmf-dist/tex/generic/ifxetex/ifxetex.sty
Package: ifxetex 2010/09/12 v0.6 Provides ifxetex conditional
)
\Gm@cnth=\count118
\Gm@cntv=\count119
\c@Gm@tempcnt=\count120
\Gm@bindingoffset=\dimen145
\Gm@wd@mp=\dimen146
\Gm@odd@mp=\dimen147
\Gm@even@mp=\dimen148
\Gm@layoutwidth=\dimen149
\Gm@layoutheight=\dimen150
\Gm@layouthoffset=\dimen151
\Gm@layoutvoffset=\dimen152
\Gm@dimlist=\toks28
)
(/usr/local/texlive/2019/texmf-dist/tex/latex/hyperref/hyperref.sty
Package: hyperref 2019/06/12 v6.88h Hypertext links for LaTeX

(/usr/local/texlive/2019/texmf-dist/tex/generic/oberdiek/hobsub-hyperref.sty
Package: hobsub-hyperref 2016/05/16 v1.14 Bundle oberdiek, subset hyperref (HO)


(/usr/local/texlive/2019/texmf-dist/tex/generic/oberdiek/hobsub-generic.sty
Package: hobsub-generic 2016/05/16 v1.14 Bundle oberdiek, subset generic (HO)
Package: hobsub 2016/05/16 v1.14 Construct package bundles (HO)
Package hobsub Info: Skipping package `infwarerr' (already loaded).
Package hobsub Info: Skipping package `ltxcmds' (already loaded).
Package hobsub Info: Skipping package `ifluatex' (already loaded).
Package hobsub Info: Skipping package `ifvtex' (already loaded).
Package: intcalc 2016/05/16 v1.2 Expandable calculations with integers (HO)
Package hobsub Info: Skipping package `ifpdf' (already loaded).
Package hobsub Info: Skipping package `etexcmds' (already loaded).
Package hobsub Info: Skipping package `kvsetkeys' (already loaded).
Package: kvdefinekeys 2016/05/16 v1.4 Define keys (HO)
Package: pdftexcmds 2019/07/25 v0.30 Utility functions of pdfTeX for LuaTeX (HO
)
Package pdftexcmds Info: LuaTeX not detected.
Package pdftexcmds Info: \pdf@primitive is available.
Package pdftexcmds Info: \pdf@ifprimitive is available.
Package pdftexcmds Info: \pdfdraftmode found.
Package: pdfescape 2016/05/16 v1.14 Implements pdfTeX's escape features (HO)
Package: bigintcalc 2016/05/16 v1.4 Expandable calculations on big integers (HO
)
Package: bitset 2016/05/16 v1.2 Handle bit-vector datatype (HO)
Package: uniquecounter 2016/05/16 v1.3 Provide unlimited unique counter (HO)
)
Package hobsub Info: Skipping package `hobsub' (already loaded).
Package: letltxmacro 2016/05/16 v1.5 Let assignment for LaTeX macros (HO)
Package: hopatch 2016/05/16 v1.3 Wrapper for package hooks (HO)
Package: xcolor-patch 2016/05/16 xcolor patch
Package: atveryend 2016/05/16 v1.9 Hooks at the very end of document (HO)
Package atveryend Info: \enddocument detected (standard20110627).
Package: atbegshi 2016/06/09 v1.18 At begin shipout hook (HO)
Package: refcount 2016/05/16 v3.5 Data extraction from label references (HO)
Package: hycolor 2016/05/16 v1.8 Color options for hyperref/bookmark (HO)
)
(/usr/local/texlive/2019/texmf-dist/tex/latex/oberdiek/auxhook.sty
Package: auxhook 2016/05/16 v1.4 Hooks for auxiliary files (HO)
)
\@linkdim=\dimen153
\Hy@linkcounter=\count121
\Hy@pagecounter=\count122

(/usr/local/texlive/2019/texmf-dist/tex/latex/hyperref/pd1enc.def
File: pd1enc.def 2019/06/12 v6.88h Hyperref: PDFDocEncoding definition (HO)
Now handling font encoding PD1 ...
... no UTF-8 mapping file for font encoding PD1
)
\Hy@SavedSpaceFactor=\count123

(/usr/local/texlive/2019/texmf-dist/tex/latex/latexconfig/hyperref.cfg
File: hyperref.cfg 2002/06/06 v1.2 hyperref configuration of TeXLive
)
Package hyperref Info: Option `unicode' set `true' on input line 4424.

(/usr/local/texlive/2019/texmf-dist/tex/latex/hyperref/puenc.def
File: puenc.def 2019/06/12 v6.88h Hyperref: PDF Unicode definition (HO)
Now handling font encoding PU ...
... no UTF-8 mapping file for font encoding PU
)
Package hyperref Info: Option `colorlinks' set `true' on input line 4424.
Package hyperref Info: Option `breaklinks' set `true' on input line 4424.
Package hyperref Info: Hyper figures OFF on input line 4550.
Package hyperref Info: Link nesting OFF on input line 4555.
Package hyperref Info: Hyper index ON on input line 4558.
Package hyperref Info: Plain pages OFF on input line 4565.
Package hyperref Info: Backreferencing OFF on input line 4570.
Package hyperref Info: Implicit mode ON; LaTeX internals redefined.
Package hyperref Info: Bookmarks ON on input line 4803.
\c@Hy@tempcnt=\count124

(/usr/local/texlive/2019/texmf-dist/tex/latex/url/url.sty
\Urlmuskip=\muskip11
Package: url 2013/09/16  ver 3.4  Verb mode for urls, etc.
)
LaTeX Info: Redefining \url on input line 5156.
\XeTeXLinkMargin=\dimen154
\Fld@menulength=\count125
\Field@Width=\dimen155
\Fld@charsize=\dimen156
Package hyperref Info: Hyper figures OFF on input line 6411.
Package hyperref Info: Link nesting OFF on input line 6416.
Package hyperref Info: Hyper index ON on input line 6419.
Package hyperref Info: backreferencing OFF on input line 6426.
Package hyperref Info: Link coloring ON on input line 6429.
Package hyperref Info: Link coloring with OCG OFF on input line 6436.
Package hyperref Info: PDF/A mode OFF on input line 6441.
LaTeX Info: Redefining \ref on input line 6481.
LaTeX Info: Redefining \pageref on input line 6485.
\Hy@abspage=\count126
\c@Item=\count127
\c@Hfootnote=\count128
)
Package hyperref Info: Driver (autodetected): hpdftex.

(/usr/local/texlive/2019/texmf-dist/tex/latex/hyperref/hpdftex.def
File: hpdftex.def 2019/06/12 v6.88h Hyperref driver for pdfTeX
\Fld@listcount=\count129
\c@bookmark@seq@number=\count130

(/usr/local/texlive/2019/texmf-dist/tex/latex/oberdiek/rerunfilecheck.sty
Package: rerunfilecheck 2016/05/16 v1.8 Rerun checks for auxiliary files (HO)
Package uniquecounter Info: New unique counter `rerunfilecheck' on input line 2
82.
)
\Hy@SectionHShift=\skip74
)
(/usr/local/texlive/2019/texmf-dist/tex/latex/oberdiek/hypcap.sty
Package: hypcap 2016/05/16 v1.12 Adjusting the anchors of captions (HO)
)
(./sphinxmessages.sty
Package: sphinxmessages 2019/01/04 v2.0 Localized LaTeX macros (Sphinx team)
)
\@indexfile=\write4
\openout4 = `eqtools.idx'.


Writing index file eqtools.idx
(./eqtools.aux)
\openout1 = `eqtools.aux'.

LaTeX Font Info:    Checking defaults for OML/cmm/m/it on input line 80.
LaTeX Font Info:    ... okay on input line 80.
LaTeX Font Info:    Checking defaults for T1/cmr/m/n on input line 80.
LaTeX Font Info:    ... okay on input line 80.
LaTeX Font Info:    Checking defaults for OT1/cmr/m/n on input line 80.
LaTeX Font Info:    ... okay on input line 80.
LaTeX Font Info:    Checking defaults for OMS/cmsy/m/n on input line 80.
LaTeX Font Info:    ... okay on input line 80.
LaTeX Font Info:    Checking defaults for OMX/cmex/m/n on input line 80.
LaTeX Font Info:    ... okay on input line 80.
LaTeX Font Info:    Checking defaults for U/cmr/m/n on input line 80.
LaTeX Font Info:    ... okay on input line 80.
LaTeX Font Info:    Checking defaults for TS1/cmr/m/n on input line 80.
LaTeX Font Info:    Try loading font information for TS1+cmr on input line 80.
 (/usr/local/texlive/2019/texmf-dist/tex/latex/base/ts1cmr.fd
File: ts1cmr.fd 2014/09/29 v2.5h Standard LaTeX font definitions
)
LaTeX Font Info:    ... okay on input line 80.
LaTeX Font Info:    Checking defaults for PD1/pdf/m/n on input line 80.
LaTeX Font Info:    ... okay on input line 80.
LaTeX Font Info:    Checking defaults for PU/pdf/m/n on input line 80.
LaTeX Font Info:    ... okay on input line 80.
LaTeX Font Info:    Try loading font information for T1+ptm on input line 80.

(/usr/local/texlive/2019/texmf-dist/tex/latex/psnfss/t1ptm.fd
File: t1ptm.fd 2001/06/04 font definitions for T1/ptm.
)
(/usr/local/texlive/2019/texmf-dist/tex/context/base/mkii/supp-pdf.mkii
[Loading MPS to PDF converter (version 2006.09.02).]
\scratchcounter=\count131
\scratchdimen=\dimen157
\scratchbox=\box45
\nofMPsegments=\count132
\nofMParguments=\count133
\everyMPshowfont=\toks29
\MPscratchCnt=\count134
\MPscratchDim=\dimen158
\MPnumerator=\count135
\makeMPintoPDFobject=\count136
\everyMPtoPDFconversion=\toks30
) (/usr/local/texlive/2019/texmf-dist/tex/latex/oberdiek/epstopdf-base.sty
Package: epstopdf-base 2016/05/15 v2.6 Base part for package epstopdf

(/usr/local/texlive/2019/texmf-dist/tex/latex/oberdiek/grfext.sty
Package: grfext 2016/05/16 v1.2 Manage graphics extensions (HO)
)
Package epstopdf-base Info: Redefining graphics rule for `.eps' on input line 4
38.
Package grfext Info: Graphics extension search list:
(grfext)             [.pdf,.png,.jpg,.mps,.jpeg,.jbig2,.jb2,.PDF,.PNG,.JPG,.JPE
G,.JBIG2,.JB2,.eps]
(grfext)             \AppendGraphicsExtensions on input line 456.

(/usr/local/texlive/2019/texmf-dist/tex/latex/latexconfig/epstopdf-sys.cfg
File: epstopdf-sys.cfg 2010/07/13 v1.3 Configuration of (r)epstopdf for TeX Liv
e
))
*geometry* driver: auto-detecting
*geometry* detected driver: pdftex
*geometry* verbose mode - [ preamble ] result:
* driver: pdftex
* paper: letterpaper
* layout: <same size as paper>
* layoutoffset:(h,v)=(0.0pt,0.0pt)
* modes: twoside 
* h-part:(L,W,R)=(72.26999pt, 469.75502pt, 72.26999pt)
* v-part:(T,H,B)=(72.26999pt, 650.43001pt, 72.26999pt)
* \paperwidth=614.295pt
* \paperheight=794.96999pt
* \textwidth=469.75502pt
* \textheight=650.43001pt
* \oddsidemargin=0.0pt
* \evensidemargin=0.0pt
* \topmargin=-37.0pt
* \headheight=12.0pt
* \headsep=25.0pt
* \topskip=10.0pt
* \footskip=30.0pt
* \marginparwidth=36.135pt
* \marginparsep=11.0pt
* \columnsep=10.0pt
* \skip\footins=9.0pt plus 4.0pt minus 2.0pt
* \hoffset=0.0pt
* \voffset=0.0pt
* \mag=1000
* \@twocolumnfalse
* \@twosidetrue
* \@mparswitchtrue
* \@reversemarginfalse
* (1in=72.27pt=25.4mm, 1cm=28.453pt)

\AtBeginShipoutBox=\box46
Package hyperref Info: Link coloring ON on input line 80.
(/usr/local/texlive/2019/texmf-dist/tex/latex/hyperref/nameref.sty
Package: nameref 2016/05/21 v2.44 Cross-referencing by name of section

(/usr/local/texlive/2019/texmf-dist/tex/generic/oberdiek/gettitlestring.sty
Package: gettitlestring 2016/05/16 v1.5 Cleanup title references (HO)
)
\c@section@level=\count137
)
LaTeX Info: Redefining \ref on input line 80.
LaTeX Info: Redefining \pageref on input line 80.
LaTeX Info: Redefining \nameref on input line 80.

(./eqtools.out) (./eqtools.out)
\@outlinefile=\write5
\openout5 = `eqtools.out'.

Package hyperref Info: Option `pageanchor' set `false' on input line 83.
LaTeX Font Info:    Try loading font information for T1+phv on input line 83.

(/usr/local/texlive/2019/texmf-dist/tex/latex/psnfss/t1phv.fd
File: t1phv.fd 2001/06/04 scalable font definitions for T1/phv.
)
LaTeX Font Info:    Font shape `T1/phv/bx/n' in size <10> not available
(Font)              Font shape `T1/phv/b/n' tried instead on input line 83.
LaTeX Font Info:    Font shape `T1/phv/bx/n' in size <24.88> not available
(Font)              Font shape `T1/phv/b/n' tried instead on input line 83.
LaTeX Font Info:    Font shape `T1/phv/bx/it' in size <10> not available
(Font)              Font shape `T1/phv/b/it' tried instead on input line 83.
LaTeX Font Info:    Font shape `T1/phv/b/it' in size <10> not available
(Font)              Font shape `T1/phv/b/sl' tried instead on input line 83.
LaTeX Font Info:    Font shape `T1/phv/bx/it' in size <17.28> not available
(Font)              Font shape `T1/phv/b/it' tried instead on input line 83.
LaTeX Font Info:    Font shape `T1/phv/b/it' in size <17.28> not available
(Font)              Font shape `T1/phv/b/sl' tried instead on input line 83.
LaTeX Font Info:    Font shape `T1/phv/bx/n' in size <17.28> not available
(Font)              Font shape `T1/phv/b/n' tried instead on input line 83.
<<ot1.cmap>><<oml.cmap>><<oms.cmap>><<omx.cmap>>
LaTeX Font Info:    Try loading font information for U+msa on input line 83.

(/usr/local/texlive/2019/texmf-dist/tex/latex/amsfonts/umsa.fd
File: umsa.fd 2013/01/14 v3.01 AMS symbols A
)
LaTeX Font Info:    Try loading font information for U+msb on input line 83.

(/usr/local/texlive/2019/texmf-dist/tex/latex/amsfonts/umsb.fd
File: umsb.fd 2013/01/14 v3.01 AMS symbols B
)
LaTeX Font Info:    Font shape `T1/phv/bx/n' in size <12> not available
(Font)              Font shape `T1/phv/b/n' tried instead on input line 83.
 [1

{/usr/local/texlive/2019/texmf-var/fonts/map/pdftex/updmap/pdftex.map}] [2


]
LaTeX Font Info:    Font shape `T1/phv/bx/n' in size <14.4> not available
(Font)              Font shape `T1/phv/b/n' tried instead on input line 85.
 (./eqtools.toc
LaTeX Font Info:    Font shape `T1/ptm/bx/n' in size <10> not available
(Font)              Font shape `T1/ptm/b/n' tried instead on input line 2.
)
\tf@toc=\write6
\openout6 = `eqtools.toc'.


[1

] [2

] [1] [2

]
Chapter 1.
LaTeX Font Info:    Try loading font information for T1+pcr on input line 95.
(/usr/local/texlive/2019/texmf-dist/tex/latex/psnfss/t1pcr.fd
File: t1pcr.fd 2001/06/04 font definitions for T1/pcr.
)
LaTeX Font Info:    Font shape `T1/pcr/m/it' in size <10> not available
(Font)              Font shape `T1/pcr/m/sl' tried instead on input line 95.
 [3] [4

]
Chapter 2.
[5] [6

]
Chapter 3.
LaTeX Font Info:    Try loading font information for TS1+pcr on input line 132.

(/usr/local/texlive/2019/texmf-dist/tex/latex/psnfss/ts1pcr.fd
File: ts1pcr.fd 2001/06/04 font definitions for TS1/pcr.
)
LaTeX Font Info:    Font shape `T1/pcr/bx/n' in size <9> not available
(Font)              Font shape `T1/pcr/b/n' tried instead on input line 162.
 [7] [8]
Chapter 4.
LaTeX Font Info:    Font shape `T1/pcr/bx/n' in size <10> not available
(Font)              Font shape `T1/pcr/b/n' tried instead on input line 208.

Underfull \hbox (badness 10000) in paragraph at lines 208--208
[]\T1/ptm/m/it/10 shot\T1/ptm/m/n/10 , \T1/ptm/m/it/10 shot-file='EQH'\T1/ptm/m
/n/10 , \T1/ptm/m/it/10 edi-tion=0\T1/ptm/m/n/10 , \T1/ptm/m/it/10 shot-file2=N
one\T1/ptm/m/n/10 ,
 []


Underfull \hbox (badness 5374) in paragraph at lines 208--208
\T1/ptm/m/it/10 length_unit='m'\T1/ptm/m/n/10 , \T1/ptm/m/it/10 tspline=False\T
1/ptm/m/n/10 , \T1/ptm/m/it/10 mono-tonic=True\T1/ptm/m/n/10 , \T1/ptm/m/it/10 
ex-per-i-
 []

LaTeX Font Info:    Try loading font information for TS1+ptm on input line 227.

(/usr/local/texlive/2019/texmf-dist/tex/latex/psnfss/ts1ptm.fd
File: ts1ptm.fd 2001/06/04 font definitions for TS1/ptm.
)
Overfull \hbox (2.61029pt too wide) in paragraph at lines 302--302
[]\T1/ptm/m/n/10 'smoot'| 
 []


Underfull \hbox (badness 10000) in paragraph at lines 302--302
[]\T1/ptm/m/n/10 'de-
 []

[9

] [10] [11] [12] [13] [14] [15] [16]
Underfull \hbox (badness 10000) in paragraph at lines 1458--1460
[]\T1/ptm/m/n/10 Absent ad-di-tional vector-graphic data on ma-chine cross-sect
ion, re-turns
 []

[17] [18] [19] [20]
Underfull \hbox (badness 10000) in paragraph at lines 1954--1956
[]\T1/ptm/m/n/10 Absent ad-di-tional vector-graphic data on ma-chine cross-sect
ion, re-turns
 []


Underfull \hbox (badness 10000) in paragraph at lines 1970--1970
[]\T1/ptm/m/it/10 shot\T1/ptm/m/n/10 , \T1/ptm/m/it/10 shot-file='EQH'\T1/ptm/m
/n/10 , \T1/ptm/m/it/10 edi-tion=0\T1/ptm/m/n/10 , \T1/ptm/m/it/10 shot-file2=N
one\T1/ptm/m/n/10 ,
 []


Underfull \hbox (badness 10000) in paragraph at lines 1970--1970
\T1/ptm/m/it/10 length_unit='m'\T1/ptm/m/n/10 , \T1/ptm/m/it/10 tspline=False\T
1/ptm/m/n/10 , \T1/ptm/m/it/10 mono-tonic=True\T1/ptm/m/n/10 ,
 []

[21]
Underfull \hbox (badness 10000) in paragraph at lines 1987--1987
[]\T1/ptm/m/it/10 shot\T1/ptm/m/n/10 , \T1/ptm/m/it/10 tree='ANALYSIS'\T1/ptm/m
/n/10 , \T1/ptm/m/it/10 length_unit='m'\T1/ptm/m/n/10 ,
 []


Overfull \hbox (2.61029pt too wide) in paragraph at lines 2074--2074
[]\T1/ptm/m/n/10 'smoot'| 
 []


Underfull \hbox (badness 10000) in paragraph at lines 2074--2074
[]\T1/ptm/m/n/10 'de-
 []

[22] [23]
Underfull \hbox (badness 10000) in paragraph at lines 2343--2343
[]\T1/ptm/m/it/10 shot\T1/ptm/m/n/10 , \T1/ptm/m/it/10 tree='ANALYSIS'\T1/ptm/m
/n/10 , \T1/ptm/m/it/10 length_unit='m'\T1/ptm/m/n/10 ,
 []


Underfull \hbox (badness 6300) in paragraph at lines 2360--2360
[]\T1/ptm/m/it/10 shot\T1/ptm/m/n/10 , \T1/ptm/m/it/10 tree='EFIT01'\T1/ptm/m/n
/10 , \T1/ptm/m/it/10 length_unit='m'\T1/ptm/m/n/10 , \T1/ptm/m/it/10 gfile='ge
qdsk'\T1/ptm/m/n/10 ,
 []

[24]
Overfull \hbox (2.61029pt too wide) in paragraph at lines 2445--2445
[]\T1/ptm/m/n/10 'smoot'| 
 []


Underfull \hbox (badness 10000) in paragraph at lines 2445--2445
[]\T1/ptm/m/n/10 'de-
 []


Underfull \hbox (badness 10000) in paragraph at lines 2523--2523
[]\T1/ptm/m/it/10 shot\T1/ptm/m/n/10 , \T1/ptm/m/it/10 tree='EFIT01'\T1/ptm/m/n
/10 , \T1/ptm/m/it/10 length_unit='m'\T1/ptm/m/n/10 ,
 []


Underfull \hbox (badness 10000) in paragraph at lines 2523--2523
\T1/ptm/m/it/10 gfile='geqdsk'\T1/ptm/m/n/10 , \T1/ptm/m/it/10 afile='aeqdsk'\T
1/ptm/m/n/10 , \T1/ptm/m/it/10 tspline=False\T1/ptm/m/n/10 ,
 []

[25]
Overfull \hbox (2.61029pt too wide) in paragraph at lines 2634--2634
[]\T1/ptm/m/n/10 'smoot'| 
 []


Underfull \hbox (badness 10000) in paragraph at lines 2634--2634
[]\T1/ptm/m/n/10 'de-
 []

[26] [27] [28] [29] [30] [31] [32] [33] [34]
Underfull \hbox (badness 10000) in paragraph at lines 3899--3901
[]\T1/ptm/m/n/10 Absent ad-di-tional vector-graphic data on ma-chine cross-sect
ion, re-turns
 []

[35]
Overfull \hbox (2.61029pt too wide) in paragraph at lines 4076--4076
[]\T1/ptm/m/n/10 'smoot'| 
 []


Underfull \hbox (badness 10000) in paragraph at lines 4076--4076
[]\T1/ptm/m/n/10 'de-
 []

[36] [37]
Overfull \hbox (2.61029pt too wide) in paragraph at lines 4323--4323
[]\T1/ptm/m/n/10 'smoot'| 
 []


Underfull \hbox (badness 10000) in paragraph at lines 4323--4323
[]\T1/ptm/m/n/10 'de-
 []

[38]
Underfull \hbox (badness 10000) in paragraph at lines 4514--4514
[]\T1/ptm/m/it/10 shot\T1/ptm/m/n/10 , \T1/ptm/m/it/10 tree='EFIT01'\T1/ptm/m/n
/10 , \T1/ptm/m/it/10 length_unit='m'\T1/ptm/m/n/10 ,
 []


Underfull \hbox (badness 10000) in paragraph at lines 4514--4514
\T1/ptm/m/it/10 gfile='geqdsk'\T1/ptm/m/n/10 , \T1/ptm/m/it/10 afile='aeqdsk'\T
1/ptm/m/n/10 , \T1/ptm/m/it/10 tspline=False\T1/ptm/m/n/10 ,
 []

[39]
Overfull \hbox (2.61029pt too wide) in paragraph at lines 4623--4623
[]\T1/ptm/m/n/10 'smoot'| 
 []


Underfull \hbox (badness 10000) in paragraph at lines 4623--4623
[]\T1/ptm/m/n/10 'de-
 []

[40] [41] [42] [43] [44] [45]
Underfull \hbox (badness 10000) in paragraph at lines 5505--5505
[]\T1/ptm/m/it/10 shot\T1/ptm/m/n/10 , \T1/ptm/m/it/10 tree='tcv_shot'\T1/ptm/m
/n/10 , \T1/ptm/m/it/10 length_unit='m'\T1/ptm/m/n/10 ,
 []

[46] [47]
Underfull \hbox (badness 10000) in paragraph at lines 5655--5655
[]\T1/ptm/m/it/10 length_unit='m'\T1/ptm/m/n/10 , \T1/ptm/m/it/10 tspline=False
\T1/ptm/m/n/10 , \T1/ptm/m/it/10 mono-tonic=True\T1/ptm/m/n/10 , \T1/ptm/m/it/1
0 ver-
 []


Overfull \hbox (2.61029pt too wide) in paragraph at lines 5735--5735
[]\T1/ptm/m/n/10 'smoot'| 
 []


Underfull \hbox (badness 10000) in paragraph at lines 5735--5735
[]\T1/ptm/m/n/10 'de-
 []

[48] [49] [50] [51] [52] [53]
Underfull \hbox (badness 7379) in paragraph at lines 6435--6439
[]\T1/ptm/b/n/10 time_idxs \T1/ptm/m/n/10 (Ar-ray with same shape as \T1/ptm/m/
it/10 psi-norm\T1/ptm/m/n/10 ) - The in-dices (in \T1/pcr/m/n/10 self.
 []

[54] [55]
Underfull \hbox (badness 7030) in paragraph at lines 6642--6646
[]\T1/ptm/b/n/10 time_idxs \T1/ptm/m/n/10 (Ar-ray with same shape as \T1/ptm/m/
it/10 phi-norm\T1/ptm/m/n/10 ) - The in-dices (in \T1/pcr/m/n/10 self.
 []

[56]
Underfull \hbox (badness 7203) in paragraph at lines 6844--6848
[]\T1/ptm/b/n/10 time_idxs \T1/ptm/m/n/10 (Ar-ray with same shape as \T1/ptm/m/
it/10 vol-norm\T1/ptm/m/n/10 ) - The in-dices (in \T1/pcr/m/n/10 self.
 []

[57] [58] [59] [60] [61] [62] [63] [64] [65]
Underfull \hbox (badness 7379) in paragraph at lines 7877--7881
[]\T1/ptm/b/n/10 time_idxs \T1/ptm/m/n/10 (Ar-ray with same shape as \T1/ptm/m/
it/10 psi-norm\T1/ptm/m/n/10 ) - The in-dices (in \T1/pcr/m/n/10 self.
 []

[66]
Underfull \hbox (badness 7030) in paragraph at lines 8053--8057
[]\T1/ptm/b/n/10 time_idxs \T1/ptm/m/n/10 (Ar-ray with same shape as \T1/ptm/m/
it/10 phi-norm\T1/ptm/m/n/10 ) - The in-dices (in \T1/pcr/m/n/10 self.
 []

[67] [68]
Underfull \hbox (badness 7203) in paragraph at lines 8224--8228
[]\T1/ptm/b/n/10 time_idxs \T1/ptm/m/n/10 (Ar-ray with same shape as \T1/ptm/m/
it/10 vol-norm\T1/ptm/m/n/10 ) - The in-dices (in \T1/pcr/m/n/10 self.
 []

[69] [70] [71] [72]
Underfull \hbox (badness 7379) in paragraph at lines 8716--8720
[]\T1/ptm/b/n/10 time_idxs \T1/ptm/m/n/10 (Ar-ray with same shape as \T1/ptm/m/
it/10 psi-norm\T1/ptm/m/n/10 ) - The in-dices (in \T1/pcr/m/n/10 self.
 []

[73]
Underfull \hbox (badness 7030) in paragraph at lines 8814--8818
[]\T1/ptm/b/n/10 time_idxs \T1/ptm/m/n/10 (Ar-ray with same shape as \T1/ptm/m/
it/10 phi-norm\T1/ptm/m/n/10 ) - The in-dices (in \T1/pcr/m/n/10 self.
 []

[74]
Underfull \hbox (badness 7203) in paragraph at lines 8912--8916
[]\T1/ptm/b/n/10 time_idxs \T1/ptm/m/n/10 (Ar-ray with same shape as \T1/ptm/m/
it/10 vol-norm\T1/ptm/m/n/10 ) - The in-dices (in \T1/pcr/m/n/10 self.
 []

[75] [76] [77] [78] [79]
Underfull \hbox (badness 7203) in paragraph at lines 9521--9525
[]\T1/ptm/b/n/10 time_idxs \T1/ptm/m/n/10 (Ar-ray with same shape as \T1/ptm/m/
it/10 vol-norm\T1/ptm/m/n/10 ) - The in-dices (in \T1/pcr/m/n/10 self.
 []

[80]
Underfull \hbox (badness 7030) in paragraph at lines 9619--9623
[]\T1/ptm/b/n/10 time_idxs \T1/ptm/m/n/10 (Ar-ray with same shape as \T1/ptm/m/
it/10 phi-norm\T1/ptm/m/n/10 ) - The in-dices (in \T1/pcr/m/n/10 self.
 []

[81] [82] [83]
Underfull \hbox (badness 7379) in paragraph at lines 9964--9968
[]\T1/ptm/b/n/10 time_idxs \T1/ptm/m/n/10 (Ar-ray with same shape as \T1/ptm/m/
it/10 psi-norm\T1/ptm/m/n/10 ) - The in-dices (in \T1/pcr/m/n/10 self.
 []

[84]
Underfull \hbox (badness 7203) in paragraph at lines 10062--10066
[]\T1/ptm/b/n/10 time_idxs \T1/ptm/m/n/10 (Ar-ray with same shape as \T1/ptm/m/
it/10 vol-norm\T1/ptm/m/n/10 ) - The in-dices (in \T1/pcr/m/n/10 self.
 []

[85] [86] [87] [88] [89]
Underfull \hbox (badness 7379) in paragraph at lines 10678--10682
[]\T1/ptm/b/n/10 time_idxs \T1/ptm/m/n/10 (Ar-ray with same shape as \T1/ptm/m/
it/10 psi-norm\T1/ptm/m/n/10 ) - The in-dices (in \T1/pcr/m/n/10 self.
 []

[90]
Underfull \hbox (badness 7030) in paragraph at lines 10776--10780
[]\T1/ptm/b/n/10 time_idxs \T1/ptm/m/n/10 (Ar-ray with same shape as \T1/ptm/m/
it/10 phi-norm\T1/ptm/m/n/10 ) - The in-dices (in \T1/pcr/m/n/10 self.
 []

[91] [92] [93] [94] [95] [96] [97] [98] [99] [100] [101] [102] [103] [104]
[105] [106] [107] [108] [109] [110] [111]
Underfull \hbox (badness 7379) in paragraph at lines 12936--12940
[]\T1/ptm/b/n/10 time_idxs \T1/ptm/m/n/10 (Ar-ray with same shape as \T1/ptm/m/
it/10 psi-norm\T1/ptm/m/n/10 ) - The in-dices (in \T1/pcr/m/n/10 self.
 []

[112]
Underfull \hbox (badness 6204) in paragraph at lines 13126--13130
[]\T1/ptm/b/n/10 time_idxs \T1/ptm/m/n/10 (Ar-ray with same shape as \T1/ptm/m/
it/10 FF-Prime\T1/ptm/m/n/10 ) - The in-dices (in \T1/pcr/m/n/10 self.
 []

[113] [114]
Underfull \hbox (badness 6204) in paragraph at lines 13305--13309
[]\T1/ptm/b/n/10 time_idxs \T1/ptm/m/n/10 (Ar-ray with same shape as \T1/ptm/m/
it/10 FF-Prime\T1/ptm/m/n/10 ) - The in-dices (in \T1/pcr/m/n/10 self.
 []

[115]
Underfull \hbox (badness 6204) in paragraph at lines 13405--13409
[]\T1/ptm/b/n/10 time_idxs \T1/ptm/m/n/10 (Ar-ray with same shape as \T1/ptm/m/
it/10 FF-Prime\T1/ptm/m/n/10 ) - The in-dices (in \T1/pcr/m/n/10 self.
 []

[116]
Underfull \hbox (badness 6204) in paragraph at lines 13505--13509
[]\T1/ptm/b/n/10 time_idxs \T1/ptm/m/n/10 (Ar-ray with same shape as \T1/ptm/m/
it/10 FF-Prime\T1/ptm/m/n/10 ) - The in-dices (in \T1/pcr/m/n/10 self.
 []

[117]
Underfull \hbox (badness 6204) in paragraph at lines 13605--13609
[]\T1/ptm/b/n/10 time_idxs \T1/ptm/m/n/10 (Ar-ray with same shape as \T1/ptm/m/
it/10 FF-Prime\T1/ptm/m/n/10 ) - The in-dices (in \T1/pcr/m/n/10 self.
 []

[118]
Underfull \hbox (badness 6204) in paragraph at lines 13705--13709
[]\T1/ptm/b/n/10 time_idxs \T1/ptm/m/n/10 (Ar-ray with same shape as \T1/ptm/m/
it/10 FF-Prime\T1/ptm/m/n/10 ) - The in-dices (in \T1/pcr/m/n/10 self.
 []

[119] [120] [121] [122] [123] [124] [125] [126] [127]
Underfull \hbox (badness 10000) in paragraph at lines 14664--14668
[]\T1/ptm/b/n/10 time_idxs \T1/ptm/m/n/10 (Ar-ray with same shape as \T1/ptm/m/
it/10 pprime\T1/ptm/m/n/10 ) - The in-dices (in \T1/pcr/m/n/10 self.
 []

[128]
Underfull \hbox (badness 10000) in paragraph at lines 14843--14847
[]\T1/ptm/b/n/10 time_idxs \T1/ptm/m/n/10 (Ar-ray with same shape as \T1/ptm/m/
it/10 pprime\T1/ptm/m/n/10 ) - The in-dices (in \T1/pcr/m/n/10 self.
 []

[129]
Underfull \hbox (badness 10000) in paragraph at lines 14943--14947
[]\T1/ptm/b/n/10 time_idxs \T1/ptm/m/n/10 (Ar-ray with same shape as \T1/ptm/m/
it/10 pprime\T1/ptm/m/n/10 ) - The in-dices (in \T1/pcr/m/n/10 self.
 []

[130]
Underfull \hbox (badness 10000) in paragraph at lines 15043--15047
[]\T1/ptm/b/n/10 time_idxs \T1/ptm/m/n/10 (Ar-ray with same shape as \T1/ptm/m/
it/10 pprime\T1/ptm/m/n/10 ) - The in-dices (in \T1/pcr/m/n/10 self.
 []

[131]
Underfull \hbox (badness 10000) in paragraph at lines 15143--15147
[]\T1/ptm/b/n/10 time_idxs \T1/ptm/m/n/10 (Ar-ray with same shape as \T1/ptm/m/
it/10 pprime\T1/ptm/m/n/10 ) - The in-dices (in \T1/pcr/m/n/10 self.
 []

[132] [133]
Underfull \hbox (badness 10000) in paragraph at lines 15243--15247
[]\T1/ptm/b/n/10 time_idxs \T1/ptm/m/n/10 (Ar-ray with same shape as \T1/ptm/m/
it/10 pprime\T1/ptm/m/n/10 ) - The in-dices (in \T1/pcr/m/n/10 self.
 []

[134] [135] [136] [137] [138] [139] [140] [141] [142] [143] [144] [145]
[146] [147] [148] [149] [150] [151] [152] [153]
LaTeX Font Info:    Font shape `TS1/pcr/m/it' in size <10> not available
(Font)              Font shape `TS1/pcr/m/sl' tried instead on input line 1.
 [154]
Underfull \hbox (badness 10000) in paragraph at lines 17697--17699
[]\T1/pcr/b/n/10 origin \T1/ptm/m/n/10 (\T1/pcr/m/sl/10 {\TS1/pcr/m/sl/10 '\T1/
pcr/m/sl/10 psinorm\TS1/pcr/m/sl/10 '\T1/pcr/m/sl/10 , \TS1/pcr/m/sl/10 '\T1/pc
r/m/sl/10 phinorm\TS1/pcr/m/sl/10 '\T1/pcr/m/sl/10 , \TS1/pcr/m/sl/10 '\T1/pcr/
m/sl/10 volnorm\TS1/pcr/m/sl/10 '\T1/pcr/m/sl/10 , \TS1/pcr/m/sl/10 '\T1/pcr/m/
sl/10 r/a\TS1/pcr/m/sl/10 '\T1/pcr/m/sl/10 , \TS1/pcr/m/sl/10 '\T1/pcr/m/sl/10 
Rmid\TS1/pcr/m/sl/10 '\T1/pcr/m/sl/10 ,
 []

[155]
Underfull \hbox (badness 10000) in paragraph at lines 17809--17811
[]\T1/pcr/b/n/10 origin \T1/ptm/m/n/10 (\T1/pcr/m/sl/10 {\TS1/pcr/m/sl/10 '\T1/
pcr/m/sl/10 psinorm\TS1/pcr/m/sl/10 '\T1/pcr/m/sl/10 , \TS1/pcr/m/sl/10 '\T1/pc
r/m/sl/10 phinorm\TS1/pcr/m/sl/10 '\T1/pcr/m/sl/10 , \TS1/pcr/m/sl/10 '\T1/pcr/
m/sl/10 volnorm\TS1/pcr/m/sl/10 '\T1/pcr/m/sl/10 , \TS1/pcr/m/sl/10 '\T1/pcr/m/
sl/10 r/a\TS1/pcr/m/sl/10 '\T1/pcr/m/sl/10 , \TS1/pcr/m/sl/10 '\T1/pcr/m/sl/10 
Rmid\TS1/pcr/m/sl/10 '\T1/pcr/m/sl/10 ,
 []

[156]
Underfull \hbox (badness 10000) in paragraph at lines 17950--17952
[]\T1/pcr/m/n/10 scipy.interpolate.interp1d
 []

[157]
Underfull \hbox (badness 10000) in paragraph at lines 18055--18057
[]\T1/pcr/m/n/10 scipy.interpolate.interp1d
 []

[158]
Underfull \hbox (badness 10000) in paragraph at lines 18160--18162
[]\T1/pcr/m/n/10 scipy.interpolate.interp1d
 []


Underfull \hbox (badness 10000) in paragraph at lines 18262--18264
[]\T1/pcr/m/n/10 scipy.interpolate.interp1d
 []


Underfull \hbox (badness 10000) in paragraph at lines 18292--18294
[]\T1/pcr/m/n/10 scipy.interpolate.interp1d
 []

[159] [160] [161] [162] [163] [164] [165] [166] [167] [168] [169] [170]
[171] [172] [173] [174] [175] [176] [177] [178] [179] [180]
LaTeX Font Info:    Font shape `T1/ptm/bx/it' in size <10> not available
(Font)              Font shape `T1/ptm/b/it' tried instead on input line 21008.

LaTeX Font Info:    Font shape `T1/pcr/bx/it' in size <10> not available
(Font)              Font shape `T1/pcr/b/it' tried instead on input line 21008.

LaTeX Font Info:    Font shape `T1/pcr/b/it' in size <10> not available
(Font)              Font shape `T1/pcr/b/sl' tried instead on input line 21008.

 [181] [182]
[183] [184]
Underfull \hbox (badness 10000) in paragraph at lines 21529--21529
[]\T1/ptm/m/it/10 x\T1/ptm/m/n/10 , \T1/ptm/m/it/10 y\T1/ptm/m/n/10 , \T1/ptm/m
/it/10 z\T1/ptm/m/n/10 , \T1/ptm/m/it/10 f\T1/ptm/m/n/10 , \T1/ptm/m/it/10 boun
d-ary='natural'\T1/ptm/m/n/10 , \T1/ptm/m/it/10 dx=0\T1/ptm/m/n/10 , \T1/ptm/m/
it/10 dy=0\T1/ptm/m/n/10 , \T1/ptm/m/it/10 dz=0\T1/ptm/m/n/10 ,
 []

[185]
Underfull \hbox (badness 10000) in paragraph at lines 21637--21637
\T1/ptm/m/it/10 kx=3, ky=3, s=0, bounds_error=True,
 []


Underfull \hbox (badness 10000) in paragraph at lines 21640--21643
[]\T1/ptm/m/n/10 the lack of a grace-ful bounds er-ror causes the for-tran to f
ail hard. This masks
 []


Underfull \hbox (badness 10000) in paragraph at lines 21671--21674
[]\T1/pcr/b/n/10 s \T1/ptm/m/n/10 (\T1/pcr/m/sl/10 float\T1/ptm/m/n/10 ) ^^U Po
s-i-tive smooth-ing fac-tor de-fined for es-ti-ma-tion con-di-tion,
 []

[186] [187] [188

]
Chapter 5.
[189] [190

] [191


] (./eqtools.ind [192


]
Underfull \hbox (badness 10000) in paragraph at lines 15--16
[]\T1/pcr/m/n/10 BivariateInterpolator \T1/ptm/m/n/10 (\T1/ptm/m/it/10 class in
 eq-
 []


Underfull \hbox (badness 10000) in paragraph at lines 46--47
[]\T1/pcr/m/n/10 ev() \T1/ptm/m/n/10 (\T1/ptm/m/it/10 eq-tools.trispline.RectBi
variateSpline method\T1/ptm/m/n/10 ),
 []


Underfull \hbox (badness 10000) in paragraph at lines 51--52
[]\T1/pcr/m/n/10 Fnorm2psinorm() \T1/ptm/m/n/10 (\T1/ptm/m/it/10 eq-tools.core.
Equilibrium
 []


Underfull \hbox (badness 10000) in paragraph at lines 58--59
[]\T1/pcr/m/n/10 getAOut() \T1/ptm/m/n/10 (\T1/ptm/m/it/10 eq-tools.eqdskreader
.EqdskReader
 []


Underfull \hbox (badness 10000) in paragraph at lines 59--60
[]\T1/pcr/m/n/10 getAOut() \T1/ptm/m/n/10 (\T1/ptm/m/it/10 eq-tools.TCVLIUQE.TC
VLIUQETree
 []


Underfull \hbox (badness 10000) in paragraph at lines 60--61
[]\T1/pcr/m/n/10 getAOutSpline() \T1/ptm/m/n/10 (\T1/ptm/m/it/10 eq-tools.core.
Equilibrium
 []


Underfull \hbox (badness 10000) in paragraph at lines 61--62
[]\T1/pcr/m/n/10 getAreaLCFS() \T1/ptm/m/n/10 (\T1/ptm/m/it/10 eq-tools.AUGData
.AUGDDData
 []


Underfull \hbox (badness 10000) in paragraph at lines 64--65
[]\T1/pcr/m/n/10 getAreaLCFS() \T1/ptm/m/n/10 (\T1/ptm/m/it/10 eq-tools.eqdskre
ader.EqdskReader
 []


Underfull \hbox (badness 10000) in paragraph at lines 65--66
[]\T1/pcr/m/n/10 getAreaLCFS() \T1/ptm/m/n/10 (\T1/ptm/m/it/10 eq-
 []


Underfull \hbox (badness 10000) in paragraph at lines 65--66
\T1/ptm/m/it/10 tools.TCVLIUQE.TCVLIUQETree method\T1/ptm/m/n/10 ),
 []


Underfull \hbox (badness 10000) in paragraph at lines 66--67
[]\T1/pcr/m/n/10 getBCentr() \T1/ptm/m/n/10 (\T1/ptm/m/it/10 eq-tools.AUGData.A
UGDDData
 []


Underfull \hbox (badness 10000) in paragraph at lines 69--70
[]\T1/pcr/m/n/10 getBCentr() \T1/ptm/m/n/10 (\T1/ptm/m/it/10 eq-tools.eqdskread
er.EqdskReader
 []


Underfull \hbox (badness 10000) in paragraph at lines 70--71
[]\T1/pcr/m/n/10 getBetaP() \T1/ptm/m/n/10 (\T1/ptm/m/it/10 eq-tools.AUGData.AU
GDDData
 []


Underfull \hbox (badness 10000) in paragraph at lines 73--74
[]\T1/pcr/m/n/10 getBetaP() \T1/ptm/m/n/10 (\T1/ptm/m/it/10 eq-tools.eqdskreade
r.EqdskReader
 []


Underfull \hbox (badness 10000) in paragraph at lines 74--75
[]\T1/pcr/m/n/10 getBetaP() \T1/ptm/m/n/10 (\T1/ptm/m/it/10 eq-tools.TCVLIUQE.T
CVLIUQETree
 []


Underfull \hbox (badness 10000) in paragraph at lines 75--76
[]\T1/pcr/m/n/10 getBetas() \T1/ptm/m/n/10 (\T1/ptm/m/it/10 eq-tools.AUGData.AU
GDDData
 []

[193

]
Underfull \hbox (badness 10000) in paragraph at lines 78--79
[]\T1/pcr/m/n/10 getBetas() \T1/ptm/m/n/10 (\T1/ptm/m/it/10 eq-tools.eqdskreade
r.EqdskReader
 []


Underfull \hbox (badness 10000) in paragraph at lines 79--80
[]\T1/pcr/m/n/10 getBetaT() \T1/ptm/m/n/10 (\T1/ptm/m/it/10 eq-tools.AUGData.AU
GDDData
 []


Underfull \hbox (badness 10000) in paragraph at lines 82--83
[]\T1/pcr/m/n/10 getBetaT() \T1/ptm/m/n/10 (\T1/ptm/m/it/10 eq-tools.eqdskreade
r.EqdskReader
 []


Underfull \hbox (badness 10000) in paragraph at lines 83--84
[]\T1/pcr/m/n/10 getBetaT() \T1/ptm/m/n/10 (\T1/ptm/m/it/10 eq-tools.TCVLIUQE.T
CVLIUQETree
 []


Underfull \hbox (badness 10000) in paragraph at lines 84--85
[]\T1/pcr/m/n/10 getBpAvg() \T1/ptm/m/n/10 (\T1/ptm/m/it/10 eq-tools.AUGData.AU
GDDData
 []


Underfull \hbox (badness 10000) in paragraph at lines 87--88
[]\T1/pcr/m/n/10 getBpAvg() \T1/ptm/m/n/10 (\T1/ptm/m/it/10 eq-tools.eqdskreade
r.EqdskReader
 []


Underfull \hbox (badness 10000) in paragraph at lines 88--89
[]\T1/pcr/m/n/10 getBtPla() \T1/ptm/m/n/10 (\T1/ptm/m/it/10 eq-tools.AUGData.AU
GDDData
 []


Underfull \hbox (badness 10000) in paragraph at lines 91--92
[]\T1/pcr/m/n/10 getBtPla() \T1/ptm/m/n/10 (\T1/ptm/m/it/10 eq-tools.eqdskreade
r.EqdskReader
 []


Underfull \hbox (badness 10000) in paragraph at lines 92--93
[]\T1/pcr/m/n/10 getBtPla() \T1/ptm/m/n/10 (\T1/ptm/m/it/10 eq-tools.TCVLIUQE.T
CVLIUQETree
 []


Underfull \hbox (badness 10000) in paragraph at lines 93--94
[]\T1/pcr/m/n/10 getBtVac() \T1/ptm/m/n/10 (\T1/ptm/m/it/10 eq-tools.AUGData.AU
GDDData
 []


Underfull \hbox (badness 10000) in paragraph at lines 96--97
[]\T1/pcr/m/n/10 getBtVac() \T1/ptm/m/n/10 (\T1/ptm/m/it/10 eq-tools.eqdskreade
r.EqdskReader
 []


Underfull \hbox (badness 10000) in paragraph at lines 97--98
[]\T1/pcr/m/n/10 getBtVac() \T1/ptm/m/n/10 (\T1/ptm/m/it/10 eq-tools.TCVLIUQE.T
CVLIUQETree
 []


Underfull \hbox (badness 10000) in paragraph at lines 98--99
[]\T1/pcr/m/n/10 getBtVacSpline() \T1/ptm/m/n/10 (\T1/ptm/m/it/10 eq-tools.core
.Equilibrium
 []


Underfull \hbox (badness 10000) in paragraph at lines 100--101
[]\T1/pcr/m/n/10 getCurrentSign() \T1/ptm/m/n/10 (\T1/ptm/m/it/10 eq-tools.core
.Equilibrium
 []


Underfull \hbox (badness 10000) in paragraph at lines 101--102
[]\T1/pcr/m/n/10 getCurrentSign() \T1/ptm/m/n/10 (\T1/ptm/m/it/10 eq-tools.EFIT
.EFITTree
 []


Underfull \hbox (badness 10000) in paragraph at lines 102--104
[]\T1/pcr/m/n/10 getCurrentSign() \T1/ptm/m/n/10 (\T1/ptm/m/it/10 eq-
 []


Underfull \hbox (badness 10000) in paragraph at lines 102--104
\T1/ptm/m/it/10 tools.eqdskreader.EqdskReader method\T1/ptm/m/n/10 ),
 []


Underfull \hbox (badness 10000) in paragraph at lines 104--106
[]\T1/pcr/m/n/10 getCurrentSign() \T1/ptm/m/n/10 (\T1/ptm/m/it/10 eq-
 []


Underfull \hbox (badness 10000) in paragraph at lines 104--106
\T1/ptm/m/it/10 tools.FromArrays.ArrayEquilibrium method\T1/ptm/m/n/10 ),
 []


Underfull \hbox (badness 10000) in paragraph at lines 106--107
[]\T1/pcr/m/n/10 getDiamag() \T1/ptm/m/n/10 (\T1/ptm/m/it/10 eq-tools.AUGData.A
UGDDData
 []


Underfull \hbox (badness 10000) in paragraph at lines 109--110
[]\T1/pcr/m/n/10 getDiamag() \T1/ptm/m/n/10 (\T1/ptm/m/it/10 eq-tools.eqdskread
er.EqdskReader
 []


Underfull \hbox (badness 10000) in paragraph at lines 111--112
[]\T1/pcr/m/n/10 getDiamagBetaP() \T1/ptm/m/n/10 (\T1/ptm/m/it/10 eq-tools.core
.Equilibrium
 []


Underfull \hbox (badness 10000) in paragraph at lines 112--113
[]\T1/pcr/m/n/10 getDiamagBetaP() \T1/ptm/m/n/10 (\T1/ptm/m/it/10 eq-tools.EFIT
.EFITTree
 []


Underfull \hbox (badness 10000) in paragraph at lines 113--115
[]\T1/pcr/m/n/10 getDiamagBetaP() \T1/ptm/m/n/10 (\T1/ptm/m/it/10 eq-
 []


Underfull \hbox (badness 10000) in paragraph at lines 113--115
\T1/ptm/m/it/10 tools.eqdskreader.EqdskReader method\T1/ptm/m/n/10 ),
 []


Underfull \hbox (badness 10000) in paragraph at lines 116--117
[]\T1/pcr/m/n/10 getDiamagBetaT() \T1/ptm/m/n/10 (\T1/ptm/m/it/10 eq-tools.core
.Equilibrium
 []


Underfull \hbox (badness 10000) in paragraph at lines 117--118
[]\T1/pcr/m/n/10 getDiamagBetaT() \T1/ptm/m/n/10 (\T1/ptm/m/it/10 eq-tools.EFIT
.EFITTree
 []


Underfull \hbox (badness 10000) in paragraph at lines 118--120
[]\T1/pcr/m/n/10 getDiamagBetaT() \T1/ptm/m/n/10 (\T1/ptm/m/it/10 eq-
 []


Underfull \hbox (badness 10000) in paragraph at lines 118--120
\T1/ptm/m/it/10 tools.eqdskreader.EqdskReader method\T1/ptm/m/n/10 ),
 []


Underfull \hbox (badness 5245) in paragraph at lines 120--121
[]\T1/pcr/m/n/10 getDiamagFlux() \T1/ptm/m/n/10 (\T1/ptm/m/it/10 eq-tools.AUGDa
ta.AUGDDData
 []


Underfull \hbox (badness 10000) in paragraph at lines 121--122
[]\T1/pcr/m/n/10 getDiamagFlux() \T1/ptm/m/n/10 (\T1/ptm/m/it/10 eq-tools.core.
Equilibrium
 []


Underfull \hbox (badness 10000) in paragraph at lines 123--125
[]\T1/pcr/m/n/10 getDiamagFlux() \T1/ptm/m/n/10 (\T1/ptm/m/it/10 eq-
 []


Underfull \hbox (badness 10000) in paragraph at lines 123--125
\T1/ptm/m/it/10 tools.eqdskreader.EqdskReader method\T1/ptm/m/n/10 ),
 []


Underfull \hbox (badness 5245) in paragraph at lines 125--126
[]\T1/pcr/m/n/10 getDiamagTauE() \T1/ptm/m/n/10 (\T1/ptm/m/it/10 eq-tools.AUGDa
ta.AUGDDData
 []


Underfull \hbox (badness 10000) in paragraph at lines 126--127
[]\T1/pcr/m/n/10 getDiamagTauE() \T1/ptm/m/n/10 (\T1/ptm/m/it/10 eq-tools.core.
Equilibrium
 []


Underfull \hbox (badness 10000) in paragraph at lines 128--130
[]\T1/pcr/m/n/10 getDiamagTauE() \T1/ptm/m/n/10 (\T1/ptm/m/it/10 eq-
 []


Underfull \hbox (badness 10000) in paragraph at lines 128--130
\T1/ptm/m/it/10 tools.eqdskreader.EqdskReader method\T1/ptm/m/n/10 ),
 []


Underfull \hbox (badness 10000) in paragraph at lines 130--131
[]\T1/pcr/m/n/10 getDiamagWp() \T1/ptm/m/n/10 (\T1/ptm/m/it/10 eq-tools.AUGData
.AUGDDData
 []


Underfull \hbox (badness 10000) in paragraph at lines 133--134
[]\T1/pcr/m/n/10 getDiamagWp() \T1/ptm/m/n/10 (\T1/ptm/m/it/10 eq-tools.eqdskre
ader.EqdskReader
 []


Underfull \hbox (badness 10000) in paragraph at lines 134--135
[]\T1/pcr/m/n/10 getDiamagWp() \T1/ptm/m/n/10 (\T1/ptm/m/it/10 eq-
 []


Underfull \hbox (badness 10000) in paragraph at lines 134--135
\T1/ptm/m/it/10 tools.TCVLIUQE.TCVLIUQETree method\T1/ptm/m/n/10 ),
 []


Underfull \hbox (badness 5245) in paragraph at lines 135--136
[]\T1/pcr/m/n/10 getElongation() \T1/ptm/m/n/10 (\T1/ptm/m/it/10 eq-tools.AUGDa
ta.AUGDDData
 []


Underfull \hbox (badness 10000) in paragraph at lines 136--137
[]\T1/pcr/m/n/10 getElongation() \T1/ptm/m/n/10 (\T1/ptm/m/it/10 eq-tools.core.
Equilibrium
 []


Underfull \hbox (badness 10000) in paragraph at lines 138--140
[]\T1/pcr/m/n/10 getElongation() \T1/ptm/m/n/10 (\T1/ptm/m/it/10 eq-
 []


Underfull \hbox (badness 10000) in paragraph at lines 138--140
\T1/ptm/m/it/10 tools.eqdskreader.EqdskReader method\T1/ptm/m/n/10 ),
 []


Underfull \hbox (badness 10000) in paragraph at lines 140--141
[]\T1/pcr/m/n/10 getElongation() \T1/ptm/m/n/10 (\T1/ptm/m/it/10 eq-
 []


Underfull \hbox (badness 10000) in paragraph at lines 140--141
\T1/ptm/m/it/10 tools.TCVLIUQE.TCVLIUQETree method\T1/ptm/m/n/10 ),
 []

[194]
Underfull \hbox (badness 10000) in paragraph at lines 141--142
[]\T1/pcr/m/n/10 getEnergy() \T1/ptm/m/n/10 (\T1/ptm/m/it/10 eq-tools.AUGData.A
UGDDData
 []


Underfull \hbox (badness 10000) in paragraph at lines 144--145
[]\T1/pcr/m/n/10 getEnergy() \T1/ptm/m/n/10 (\T1/ptm/m/it/10 eq-tools.eqdskread
er.EqdskReader
 []


Underfull \hbox (badness 10000) in paragraph at lines 149--150
[]\T1/pcr/m/n/10 getF() \T1/ptm/m/n/10 (\T1/ptm/m/it/10 eq-tools.eqdskreader.Eq
dskReader method\T1/ptm/m/n/10 ),
 []


Underfull \hbox (badness 10000) in paragraph at lines 151--152
[]\T1/pcr/m/n/10 getFFPrime() \T1/ptm/m/n/10 (\T1/ptm/m/it/10 eq-tools.AUGData.
AUGDDData
 []


Underfull \hbox (badness 10000) in paragraph at lines 152--153
[]\T1/pcr/m/n/10 getFFPrime() \T1/ptm/m/n/10 (\T1/ptm/m/it/10 eq-tools.CModEFIT
.CModEFITTree
 []


Underfull \hbox (badness 10000) in paragraph at lines 153--154
[]\T1/pcr/m/n/10 getFFPrime() \T1/ptm/m/n/10 (\T1/ptm/m/it/10 eq-tools.core.Equ
ilibrium method\T1/ptm/m/n/10 ),
 []


Underfull \hbox (badness 10000) in paragraph at lines 155--156
[]\T1/pcr/m/n/10 getFFPrime() \T1/ptm/m/n/10 (\T1/ptm/m/it/10 eq-tools.eqdskrea
der.EqdskReader
 []


Underfull \hbox (badness 10000) in paragraph at lines 157--158
[]\T1/pcr/m/n/10 getFields() \T1/ptm/m/n/10 (\T1/ptm/m/it/10 eq-tools.AUGData.A
UGDDData
 []


Underfull \hbox (badness 10000) in paragraph at lines 160--161
[]\T1/pcr/m/n/10 getFields() \T1/ptm/m/n/10 (\T1/ptm/m/it/10 eq-tools.eqdskread
er.EqdskReader
 []


Underfull \hbox (badness 10000) in paragraph at lines 161--162
[]\T1/pcr/m/n/10 getFluxAxis() \T1/ptm/m/n/10 (\T1/ptm/m/it/10 eq-tools.AUGData
.AUGDDData
 []


Underfull \hbox (badness 10000) in paragraph at lines 164--165
[]\T1/pcr/m/n/10 getFluxAxis() \T1/ptm/m/n/10 (\T1/ptm/m/it/10 eq-tools.eqdskre
ader.EqdskReader
 []


Underfull \hbox (badness 10000) in paragraph at lines 165--167
[]\T1/pcr/m/n/10 getFluxAxis() \T1/ptm/m/n/10 (\T1/ptm/m/it/10 eq-
 []


Underfull \hbox (badness 10000) in paragraph at lines 165--167
\T1/ptm/m/it/10 tools.FromArrays.ArrayEquilibrium method\T1/ptm/m/n/10 ),
 []


Underfull \hbox (badness 10000) in paragraph at lines 167--168
[]\T1/pcr/m/n/10 getFluxAxis() \T1/ptm/m/n/10 (\T1/ptm/m/it/10 eq-
 []


Underfull \hbox (badness 10000) in paragraph at lines 167--168
\T1/ptm/m/it/10 tools.TCVLIUQE.TCVLIUQETree method\T1/ptm/m/n/10 ),
 []


Underfull \hbox (badness 10000) in paragraph at lines 168--169
[]\T1/pcr/m/n/10 getFluxGrid() \T1/ptm/m/n/10 (\T1/ptm/m/it/10 eq-tools.AUGData
.AUGDDData
 []


Underfull \hbox (badness 10000) in paragraph at lines 171--172
[]\T1/pcr/m/n/10 getFluxGrid() \T1/ptm/m/n/10 (\T1/ptm/m/it/10 eq-tools.eqdskre
ader.EqdskReader
 []


Underfull \hbox (badness 10000) in paragraph at lines 172--174
[]\T1/pcr/m/n/10 getFluxGrid() \T1/ptm/m/n/10 (\T1/ptm/m/it/10 eq-
 []


Underfull \hbox (badness 10000) in paragraph at lines 172--174
\T1/ptm/m/it/10 tools.FromArrays.ArrayEquilibrium method\T1/ptm/m/n/10 ),
 []


Underfull \hbox (badness 10000) in paragraph at lines 174--175
[]\T1/pcr/m/n/10 getFluxGrid() \T1/ptm/m/n/10 (\T1/ptm/m/it/10 eq-tools.NSTXEFI
T.NSTXEFITTree
 []


Underfull \hbox (badness 10000) in paragraph at lines 175--176
[]\T1/pcr/m/n/10 getFluxGrid() \T1/ptm/m/n/10 (\T1/ptm/m/it/10 eq-
 []


Underfull \hbox (badness 10000) in paragraph at lines 175--176
\T1/ptm/m/it/10 tools.TCVLIUQE.TCVLIUQETree method\T1/ptm/m/n/10 ),
 []


Underfull \hbox (badness 10000) in paragraph at lines 176--177
[]\T1/pcr/m/n/10 getFluxLCFS() \T1/ptm/m/n/10 (\T1/ptm/m/it/10 eq-tools.AUGData
.AUGDDData
 []


Underfull \hbox (badness 10000) in paragraph at lines 179--180
[]\T1/pcr/m/n/10 getFluxLCFS() \T1/ptm/m/n/10 (\T1/ptm/m/it/10 eq-tools.eqdskre
ader.EqdskReader
 []


Underfull \hbox (badness 10000) in paragraph at lines 180--182
[]\T1/pcr/m/n/10 getFluxLCFS() \T1/ptm/m/n/10 (\T1/ptm/m/it/10 eq-
 []


Underfull \hbox (badness 10000) in paragraph at lines 180--182
\T1/ptm/m/it/10 tools.FromArrays.ArrayEquilibrium method\T1/ptm/m/n/10 ),
 []


Underfull \hbox (badness 10000) in paragraph at lines 182--183
[]\T1/pcr/m/n/10 getFluxLCFS() \T1/ptm/m/n/10 (\T1/ptm/m/it/10 eq-
 []


Underfull \hbox (badness 10000) in paragraph at lines 182--183
\T1/ptm/m/it/10 tools.TCVLIUQE.TCVLIUQETree method\T1/ptm/m/n/10 ),
 []


Underfull \hbox (badness 10000) in paragraph at lines 183--184
[]\T1/pcr/m/n/10 getFluxPres() \T1/ptm/m/n/10 (\T1/ptm/m/it/10 eq-tools.AUGData
.AUGDDData
 []


Underfull \hbox (badness 10000) in paragraph at lines 187--188
[]\T1/pcr/m/n/10 getFluxPres() \T1/ptm/m/n/10 (\T1/ptm/m/it/10 eq-tools.eqdskre
ader.EqdskReader
 []


Underfull \hbox (badness 10000) in paragraph at lines 188--189
[]\T1/pcr/m/n/10 getFluxPres() \T1/ptm/m/n/10 (\T1/ptm/m/it/10 eq-
 []


Underfull \hbox (badness 10000) in paragraph at lines 188--189
\T1/ptm/m/it/10 tools.TCVLIUQE.TCVLIUQETree method\T1/ptm/m/n/10 ),
 []


Underfull \hbox (badness 10000) in paragraph at lines 189--190
[]\T1/pcr/m/n/10 getFluxVol() \T1/ptm/m/n/10 (\T1/ptm/m/it/10 eq-tools.AUGData.
AUGDDData
 []


Underfull \hbox (badness 10000) in paragraph at lines 190--191
[]\T1/pcr/m/n/10 getFluxVol() \T1/ptm/m/n/10 (\T1/ptm/m/it/10 eq-tools.CModEFIT
.CModEFITTree
 []


Underfull \hbox (badness 10000) in paragraph at lines 191--192
[]\T1/pcr/m/n/10 getFluxVol() \T1/ptm/m/n/10 (\T1/ptm/m/it/10 eq-tools.core.Equ
ilibrium method\T1/ptm/m/n/10 ),
 []


Underfull \hbox (badness 10000) in paragraph at lines 192--193
[]\T1/pcr/m/n/10 getFluxVol() \T1/ptm/m/n/10 (\T1/ptm/m/it/10 eq-tools.D3DEFIT.
D3DEFITTree
 []


Underfull \hbox (badness 10000) in paragraph at lines 194--195
[]\T1/pcr/m/n/10 getFluxVol() \T1/ptm/m/n/10 (\T1/ptm/m/it/10 eq-tools.eqdskrea
der.EqdskReader
 []


Overfull \hbox (1.05098pt too wide) in paragraph at lines 195--197
[]\T1/pcr/m/n/10 getFluxVol() \T1/ptm/m/n/10 (\T1/ptm/m/it/10 eq-tools.FromArra
ys.ArrayEquilibrium
 []


Underfull \hbox (badness 10000) in paragraph at lines 197--198
[]\T1/pcr/m/n/10 getFluxVol() \T1/ptm/m/n/10 (\T1/ptm/m/it/10 eq-tools.NSTXEFIT
.NSTXEFITTree
 []


Underfull \hbox (badness 10000) in paragraph at lines 199--200
[]\T1/pcr/m/n/10 getFPrime() \T1/ptm/m/n/10 (\T1/ptm/m/it/10 eq-tools.AUGData.A
UGDDData
 []


Underfull \hbox (badness 10000) in paragraph at lines 200--201
[]\T1/pcr/m/n/10 getGeometry() \T1/ptm/m/n/10 (\T1/ptm/m/it/10 eq-tools.AUGData
.AUGDDData
 []

[195]
Underfull \hbox (badness 10000) in paragraph at lines 203--204
[]\T1/pcr/m/n/10 getGeometry() \T1/ptm/m/n/10 (\T1/ptm/m/it/10 eq-tools.eqdskre
ader.EqdskReader
 []


Underfull \hbox (badness 10000) in paragraph at lines 207--208
[]\T1/pcr/m/n/10 getInfo() \T1/ptm/m/n/10 (\T1/ptm/m/it/10 eq-tools.eqdskreader
.EqdskReader
 []


Underfull \hbox (badness 10000) in paragraph at lines 208--209
[]\T1/pcr/m/n/10 getInfo() \T1/ptm/m/n/10 (\T1/ptm/m/it/10 eq-tools.TCVLIUQE.TC
VLIUQETree
 []


Underfull \hbox (badness 10000) in paragraph at lines 209--210
[]\T1/pcr/m/n/10 getIpCalc() \T1/ptm/m/n/10 (\T1/ptm/m/it/10 eq-tools.AUGData.A
UGDDData
 []


Underfull \hbox (badness 10000) in paragraph at lines 212--213
[]\T1/pcr/m/n/10 getIpCalc() \T1/ptm/m/n/10 (\T1/ptm/m/it/10 eq-tools.eqdskread
er.EqdskReader
 []


Underfull \hbox (badness 10000) in paragraph at lines 213--214
[]\T1/pcr/m/n/10 getIpCalc() \T1/ptm/m/n/10 (\T1/ptm/m/it/10 eq-tools.NSTXEFIT.
NSTXEFITTree
 []


Underfull \hbox (badness 10000) in paragraph at lines 214--215
[]\T1/pcr/m/n/10 getIpCalc() \T1/ptm/m/n/10 (\T1/ptm/m/it/10 eq-tools.TCVLIUQE.
TCVLIUQETree
 []


Underfull \hbox (badness 10000) in paragraph at lines 215--216
[]\T1/pcr/m/n/10 getIpMeas() \T1/ptm/m/n/10 (\T1/ptm/m/it/10 eq-tools.AUGData.A
UGDDData
 []


Underfull \hbox (badness 10000) in paragraph at lines 218--219
[]\T1/pcr/m/n/10 getIpMeas() \T1/ptm/m/n/10 (\T1/ptm/m/it/10 eq-tools.eqdskread
er.EqdskReader
 []


Underfull \hbox (badness 10000) in paragraph at lines 219--220
[]\T1/pcr/m/n/10 getIpMeas() \T1/ptm/m/n/10 (\T1/ptm/m/it/10 eq-tools.TCVLIUQE.
TCVLIUQETree
 []


Underfull \hbox (badness 10000) in paragraph at lines 229--230
[]\T1/pcr/m/n/10 getLi() \T1/ptm/m/n/10 (\T1/ptm/m/it/10 eq-tools.TCVLIUQE.TCVL
IUQETree
 []


Underfull \hbox (badness 10000) in paragraph at lines 230--232
[]\T1/pcr/m/n/10 getLowerTriangularity() \T1/ptm/m/n/10 (\T1/ptm/m/it/10 eq-
 []


Underfull \hbox (badness 10000) in paragraph at lines 232--234
[]\T1/pcr/m/n/10 getLowerTriangularity() \T1/ptm/m/n/10 (\T1/ptm/m/it/10 eq-
 []


Underfull \hbox (badness 10000) in paragraph at lines 234--235
[]\T1/pcr/m/n/10 getLowerTriangularity() \T1/ptm/m/n/10 (\T1/ptm/m/it/10 eq-
 []


Underfull \hbox (badness 10000) in paragraph at lines 235--237
[]\T1/pcr/m/n/10 getLowerTriangularity() \T1/ptm/m/n/10 (\T1/ptm/m/it/10 eq-
 []


Underfull \hbox (badness 10000) in paragraph at lines 235--237
\T1/ptm/m/it/10 tools.eqdskreader.EqdskReader method\T1/ptm/m/n/10 ),
 []


Underfull \hbox (badness 10000) in paragraph at lines 237--239
[]\T1/pcr/m/n/10 getLowerTriangularity() \T1/ptm/m/n/10 (\T1/ptm/m/it/10 eq-
 []


Underfull \hbox (badness 10000) in paragraph at lines 237--239
\T1/ptm/m/it/10 tools.TCVLIUQE.TCVLIUQETree method\T1/ptm/m/n/10 ),
 []


Underfull \hbox (badness 10000) in paragraph at lines 239--241
[]\T1/pcr/m/n/10 getMachineCrossSection() \T1/ptm/m/n/10 (\T1/ptm/m/it/10 eq-
 []


Underfull \hbox (badness 10000) in paragraph at lines 241--243
[]\T1/pcr/m/n/10 getMachineCrossSection() \T1/ptm/m/n/10 (\T1/ptm/m/it/10 eq-
 []


Underfull \hbox (badness 10000) in paragraph at lines 241--243
\T1/ptm/m/it/10 tools.AUGData.YGCAUGInterface method\T1/ptm/m/n/10 ),
 []


Underfull \hbox (badness 10000) in paragraph at lines 243--245
[]\T1/pcr/m/n/10 getMachineCrossSection() \T1/ptm/m/n/10 (\T1/ptm/m/it/10 eq-
 []


Underfull \hbox (badness 10000) in paragraph at lines 245--246
[]\T1/pcr/m/n/10 getMachineCrossSection() \T1/ptm/m/n/10 (\T1/ptm/m/it/10 eq-
 []


Underfull \hbox (badness 10000) in paragraph at lines 246--248
[]\T1/pcr/m/n/10 getMachineCrossSection() \T1/ptm/m/n/10 (\T1/ptm/m/it/10 eq-
 []


Underfull \hbox (badness 10000) in paragraph at lines 246--248
\T1/ptm/m/it/10 tools.eqdskreader.EqdskReader method\T1/ptm/m/n/10 ),
 []


Underfull \hbox (badness 10000) in paragraph at lines 248--250
[]\T1/pcr/m/n/10 getMachineCrossSection() \T1/ptm/m/n/10 (\T1/ptm/m/it/10 eq-
 []


Underfull \hbox (badness 10000) in paragraph at lines 248--250
\T1/ptm/m/it/10 tools.NSTXEFIT.NSTXEFITTree method\T1/ptm/m/n/10 ),
 []


Underfull \hbox (badness 10000) in paragraph at lines 250--252
[]\T1/pcr/m/n/10 getMachineCrossSection() \T1/ptm/m/n/10 (\T1/ptm/m/it/10 eq-
 []


Underfull \hbox (badness 10000) in paragraph at lines 250--252
\T1/ptm/m/it/10 tools.TCVLIUQE.TCVLIUQETree method\T1/ptm/m/n/10 ),
 []


Underfull \hbox (badness 10000) in paragraph at lines 252--254
[]\T1/pcr/m/n/10 getMachineCrossSectionFull() \T1/ptm/m/n/10 (\T1/ptm/m/it/10 e
q-
 []


Underfull \hbox (badness 10000) in paragraph at lines 254--256
[]\T1/pcr/m/n/10 getMachineCrossSectionFull() \T1/ptm/m/n/10 (\T1/ptm/m/it/10 e
q-
 []


Underfull \hbox (badness 10000) in paragraph at lines 254--256
\T1/ptm/m/it/10 tools.AUGData.YGCAUGInterface method\T1/ptm/m/n/10 ),
 []


Underfull \hbox (badness 10000) in paragraph at lines 256--258
[]\T1/pcr/m/n/10 getMachineCrossSectionFull() \T1/ptm/m/n/10 (\T1/ptm/m/it/10 e
q-
 []


Underfull \hbox (badness 10000) in paragraph at lines 256--258
\T1/ptm/m/it/10 tools.CModEFIT.CModEFITTree method\T1/ptm/m/n/10 ),
 []


Underfull \hbox (badness 10000) in paragraph at lines 258--260
[]\T1/pcr/m/n/10 getMachineCrossSectionFull() \T1/ptm/m/n/10 (\T1/ptm/m/it/10 e
q-
 []


Underfull \hbox (badness 10000) in paragraph at lines 260--262
[]\T1/pcr/m/n/10 getMachineCrossSectionFull() \T1/ptm/m/n/10 (\T1/ptm/m/it/10 e
q-
 []


Underfull \hbox (badness 10000) in paragraph at lines 262--264
[]\T1/pcr/m/n/10 getMachineCrossSectionFull() \T1/ptm/m/n/10 (\T1/ptm/m/it/10 e
q-
 []


Underfull \hbox (badness 10000) in paragraph at lines 262--264
\T1/ptm/m/it/10 tools.eqdskreader.EqdskReader method\T1/ptm/m/n/10 ),
 []


Underfull \hbox (badness 10000) in paragraph at lines 264--266
[]\T1/pcr/m/n/10 getMachineCrossSectionPatch() \T1/ptm/m/n/10 (\T1/ptm/m/it/10 
eq-
 []


Underfull \hbox (badness 10000) in paragraph at lines 264--266
\T1/ptm/m/it/10 tools.TCVLIUQE.TCVLIUQETree method\T1/ptm/m/n/10 ),
 []


Underfull \hbox (badness 10000) in paragraph at lines 269--270
[]\T1/pcr/m/n/10 getMagR() \T1/ptm/m/n/10 (\T1/ptm/m/it/10 eq-tools.eqdskreader
.EqdskReader
 []


Underfull \hbox (badness 10000) in paragraph at lines 270--271
[]\T1/pcr/m/n/10 getMagR() \T1/ptm/m/n/10 (\T1/ptm/m/it/10 eq-tools.FromArrays.
ArrayEquilibrium
 []


Underfull \hbox (badness 10000) in paragraph at lines 271--272
[]\T1/pcr/m/n/10 getMagR() \T1/ptm/m/n/10 (\T1/ptm/m/it/10 eq-tools.TCVLIUQE.TC
VLIUQETree
 []


Underfull \hbox (badness 10000) in paragraph at lines 272--273
[]\T1/pcr/m/n/10 getMagRSpline() \T1/ptm/m/n/10 (\T1/ptm/m/it/10 eq-tools.core.
Equilibrium
 []

[196]
Underfull \hbox (badness 10000) in paragraph at lines 276--277
[]\T1/pcr/m/n/10 getMagZ() \T1/ptm/m/n/10 (\T1/ptm/m/it/10 eq-tools.eqdskreader
.EqdskReader
 []


Underfull \hbox (badness 10000) in paragraph at lines 277--278
[]\T1/pcr/m/n/10 getMagZ() \T1/ptm/m/n/10 (\T1/ptm/m/it/10 eq-tools.FromArrays.
ArrayEquilibrium
 []


Underfull \hbox (badness 10000) in paragraph at lines 278--279
[]\T1/pcr/m/n/10 getMagZ() \T1/ptm/m/n/10 (\T1/ptm/m/it/10 eq-tools.TCVLIUQE.TC
VLIUQETree
 []


Underfull \hbox (badness 10000) in paragraph at lines 279--280
[]\T1/pcr/m/n/10 getMagZSpline() \T1/ptm/m/n/10 (\T1/ptm/m/it/10 eq-tools.core.
Equilibrium
 []


Underfull \hbox (badness 10000) in paragraph at lines 280--281
[]\T1/pcr/m/n/10 getParam() \T1/ptm/m/n/10 (\T1/ptm/m/it/10 eq-tools.AUGData.AU
GDDData
 []


Underfull \hbox (badness 10000) in paragraph at lines 283--284
[]\T1/pcr/m/n/10 getParam() \T1/ptm/m/n/10 (\T1/ptm/m/it/10 eq-tools.eqdskreade
r.EqdskReader
 []


Underfull \hbox (badness 10000) in paragraph at lines 287--288
[]\T1/pcr/m/n/10 getPinj() \T1/ptm/m/n/10 (\T1/ptm/m/it/10 eq-tools.eqdskreader
.EqdskReader
 []


Underfull \hbox (badness 10000) in paragraph at lines 288--289
[]\T1/pcr/m/n/10 getPPrime() \T1/ptm/m/n/10 (\T1/ptm/m/it/10 eq-tools.AUGData.A
UGDDData
 []


Underfull \hbox (badness 10000) in paragraph at lines 289--290
[]\T1/pcr/m/n/10 getPPrime() \T1/ptm/m/n/10 (\T1/ptm/m/it/10 eq-tools.CModEFIT.
CModEFITTree
 []


Underfull \hbox (badness 10000) in paragraph at lines 292--293
[]\T1/pcr/m/n/10 getPPrime() \T1/ptm/m/n/10 (\T1/ptm/m/it/10 eq-tools.eqdskread
er.EqdskReader
 []


Underfull \hbox (badness 10000) in paragraph at lines 293--294
[]\T1/pcr/m/n/10 getPPrime() \T1/ptm/m/n/10 (\T1/ptm/m/it/10 eq-tools.TCVLIUQE.
TCVLIUQETree
 []


Underfull \hbox (badness 10000) in paragraph at lines 298--299
[]\T1/pcr/m/n/10 getQ0() \T1/ptm/m/n/10 (\T1/ptm/m/it/10 eq-tools.TCVLIUQE.TCVL
IUQETree
 []


Underfull \hbox (badness 10000) in paragraph at lines 299--300
[]\T1/pcr/m/n/10 getQ1Surf() \T1/ptm/m/n/10 (\T1/ptm/m/it/10 eq-tools.AUGData.A
UGDDData
 []


Underfull \hbox (badness 10000) in paragraph at lines 302--303
[]\T1/pcr/m/n/10 getQ1Surf() \T1/ptm/m/n/10 (\T1/ptm/m/it/10 eq-tools.eqdskread
er.EqdskReader
 []


Underfull \hbox (badness 10000) in paragraph at lines 303--304
[]\T1/pcr/m/n/10 getQ2Surf() \T1/ptm/m/n/10 (\T1/ptm/m/it/10 eq-tools.AUGData.A
UGDDData
 []


Underfull \hbox (badness 10000) in paragraph at lines 306--307
[]\T1/pcr/m/n/10 getQ2Surf() \T1/ptm/m/n/10 (\T1/ptm/m/it/10 eq-tools.eqdskread
er.EqdskReader
 []


Underfull \hbox (badness 10000) in paragraph at lines 307--308
[]\T1/pcr/m/n/10 getQ3Surf() \T1/ptm/m/n/10 (\T1/ptm/m/it/10 eq-tools.AUGData.A
UGDDData
 []


Underfull \hbox (badness 10000) in paragraph at lines 310--311
[]\T1/pcr/m/n/10 getQ3Surf() \T1/ptm/m/n/10 (\T1/ptm/m/it/10 eq-tools.eqdskread
er.EqdskReader
 []


Underfull \hbox (badness 10000) in paragraph at lines 315--316
[]\T1/pcr/m/n/10 getQ95() \T1/ptm/m/n/10 (\T1/ptm/m/it/10 eq-tools.TCVLIUQE.TCV
LIUQETree
 []


Underfull \hbox (badness 10000) in paragraph at lines 316--317
[]\T1/pcr/m/n/10 getQLCFS() \T1/ptm/m/n/10 (\T1/ptm/m/it/10 eq-tools.AUGData.AU
GDDData
 []


Underfull \hbox (badness 10000) in paragraph at lines 319--320
[]\T1/pcr/m/n/10 getQLCFS() \T1/ptm/m/n/10 (\T1/ptm/m/it/10 eq-tools.eqdskreade
r.EqdskReader
 []


Underfull \hbox (badness 10000) in paragraph at lines 320--321
[]\T1/pcr/m/n/10 getQLCFS() \T1/ptm/m/n/10 (\T1/ptm/m/it/10 eq-tools.TCVLIUQE.T
CVLIUQETree
 []


Underfull \hbox (badness 10000) in paragraph at lines 321--322
[]\T1/pcr/m/n/10 getQProfile() \T1/ptm/m/n/10 (\T1/ptm/m/it/10 eq-tools.AUGData
.AUGDDData
 []


Underfull \hbox (badness 10000) in paragraph at lines 325--326
[]\T1/pcr/m/n/10 getQProfile() \T1/ptm/m/n/10 (\T1/ptm/m/it/10 eq-tools.eqdskre
ader.EqdskReader
 []


Underfull \hbox (badness 10000) in paragraph at lines 326--328
[]\T1/pcr/m/n/10 getQProfile() \T1/ptm/m/n/10 (\T1/ptm/m/it/10 eq-
 []


Underfull \hbox (badness 10000) in paragraph at lines 326--328
\T1/ptm/m/it/10 tools.FromArrays.ArrayEquilibrium method\T1/ptm/m/n/10 ),
 []


Underfull \hbox (badness 10000) in paragraph at lines 328--329
[]\T1/pcr/m/n/10 getQProfile() \T1/ptm/m/n/10 (\T1/ptm/m/it/10 eq-
 []


Underfull \hbox (badness 10000) in paragraph at lines 328--329
\T1/ptm/m/it/10 tools.TCVLIUQE.TCVLIUQETree method\T1/ptm/m/n/10 ),
 []


Underfull \hbox (badness 10000) in paragraph at lines 333--334
[]\T1/pcr/m/n/10 getRCentr() \T1/ptm/m/n/10 (\T1/ptm/m/it/10 eq-tools.AUGData.A
UGDDData
 []


Underfull \hbox (badness 10000) in paragraph at lines 334--335
[]\T1/pcr/m/n/10 getRCentr() \T1/ptm/m/n/10 (\T1/ptm/m/it/10 eq-tools.CModEFIT.
CModEFITTree
 []


Underfull \hbox (badness 10000) in paragraph at lines 337--338
[]\T1/pcr/m/n/10 getRCentr() \T1/ptm/m/n/10 (\T1/ptm/m/it/10 eq-tools.eqdskread
er.EqdskReader
 []


Underfull \hbox (badness 10000) in paragraph at lines 338--339
[]\T1/pcr/m/n/10 getRGrid() \T1/ptm/m/n/10 (\T1/ptm/m/it/10 eq-tools.AUGData.AU
GDDData
 []


Underfull \hbox (badness 10000) in paragraph at lines 341--342
[]\T1/pcr/m/n/10 getRGrid() \T1/ptm/m/n/10 (\T1/ptm/m/it/10 eq-tools.eqdskreade
r.EqdskReader
 []


Underfull \hbox (badness 10000) in paragraph at lines 342--343
[]\T1/pcr/m/n/10 getRGrid() \T1/ptm/m/n/10 (\T1/ptm/m/it/10 eq-tools.FromArrays
.ArrayEquilibrium
 []

[197]
Underfull \hbox (badness 10000) in paragraph at lines 343--344
[]\T1/pcr/m/n/10 getRGrid() \T1/ptm/m/n/10 (\T1/ptm/m/it/10 eq-tools.TCVLIUQE.T
CVLIUQETree
 []


Underfull \hbox (badness 10000) in paragraph at lines 344--345
[]\T1/pcr/m/n/10 getRLCFS() \T1/ptm/m/n/10 (\T1/ptm/m/it/10 eq-tools.AUGData.AU
GDDData
 []


Underfull \hbox (badness 10000) in paragraph at lines 345--346
[]\T1/pcr/m/n/10 getRLCFS() \T1/ptm/m/n/10 (\T1/ptm/m/it/10 eq-tools.CModEFIT.C
ModEFITTree
 []


Underfull \hbox (badness 10000) in paragraph at lines 348--349
[]\T1/pcr/m/n/10 getRLCFS() \T1/ptm/m/n/10 (\T1/ptm/m/it/10 eq-tools.eqdskreade
r.EqdskReader
 []


Underfull \hbox (badness 10000) in paragraph at lines 349--350
[]\T1/pcr/m/n/10 getRLCFS() \T1/ptm/m/n/10 (\T1/ptm/m/it/10 eq-tools.FromArrays
.ArrayEquilibrium
 []


Underfull \hbox (badness 10000) in paragraph at lines 350--351
[]\T1/pcr/m/n/10 getRLCFS() \T1/ptm/m/n/10 (\T1/ptm/m/it/10 eq-tools.TCVLIUQE.T
CVLIUQETree
 []


Underfull \hbox (badness 10000) in paragraph at lines 351--352
[]\T1/pcr/m/n/10 getRmidOut() \T1/ptm/m/n/10 (\T1/ptm/m/it/10 eq-tools.AUGData.
AUGDDData
 []


Underfull \hbox (badness 10000) in paragraph at lines 352--353
[]\T1/pcr/m/n/10 getRmidOut() \T1/ptm/m/n/10 (\T1/ptm/m/it/10 eq-tools.core.Equ
ilibrium method\T1/ptm/m/n/10 ),
 []


Underfull \hbox (badness 10000) in paragraph at lines 354--355
[]\T1/pcr/m/n/10 getRmidOut() \T1/ptm/m/n/10 (\T1/ptm/m/it/10 eq-tools.eqdskrea
der.EqdskReader
 []


Overfull \hbox (1.05098pt too wide) in paragraph at lines 355--357
[]\T1/pcr/m/n/10 getRmidOut() \T1/ptm/m/n/10 (\T1/ptm/m/it/10 eq-tools.FromArra
ys.ArrayEquilibrium
 []


Underfull \hbox (badness 10000) in paragraph at lines 358--359
[]\T1/pcr/m/n/10 getRmidOutSpline() \T1/ptm/m/n/10 (\T1/ptm/m/it/10 eq-tools.co
re.Equilibrium
 []


Underfull \hbox (badness 10000) in paragraph at lines 359--360
[]\T1/pcr/m/n/10 getRmidPsi() \T1/ptm/m/n/10 (\T1/ptm/m/it/10 eq-tools.AUGData.
AUGDDData
 []


Underfull \hbox (badness 10000) in paragraph at lines 360--361
[]\T1/pcr/m/n/10 getRmidPsi() \T1/ptm/m/n/10 (\T1/ptm/m/it/10 eq-tools.CModEFIT
.CModEFITTree
 []


Underfull \hbox (badness 10000) in paragraph at lines 361--362
[]\T1/pcr/m/n/10 getRmidPsi() \T1/ptm/m/n/10 (\T1/ptm/m/it/10 eq-tools.core.Equ
ilibrium method\T1/ptm/m/n/10 ),
 []


Underfull \hbox (badness 10000) in paragraph at lines 362--363
[]\T1/pcr/m/n/10 getRmidPsi() \T1/ptm/m/n/10 (\T1/ptm/m/it/10 eq-tools.D3DEFIT.
D3DEFITTree
 []


Underfull \hbox (badness 10000) in paragraph at lines 364--365
[]\T1/pcr/m/n/10 getRmidPsi() \T1/ptm/m/n/10 (\T1/ptm/m/it/10 eq-tools.eqdskrea
der.EqdskReader
 []


Underfull \hbox (badness 10000) in paragraph at lines 365--366
[]\T1/pcr/m/n/10 getRmidPsi() \T1/ptm/m/n/10 (\T1/ptm/m/it/10 eq-tools.NSTXEFIT
.NSTXEFITTree
 []


Underfull \hbox (badness 10000) in paragraph at lines 367--368
[]\T1/pcr/m/n/10 getShaping() \T1/ptm/m/n/10 (\T1/ptm/m/it/10 eq-tools.AUGData.
AUGDDData
 []


Underfull \hbox (badness 10000) in paragraph at lines 368--369
[]\T1/pcr/m/n/10 getShaping() \T1/ptm/m/n/10 (\T1/ptm/m/it/10 eq-tools.core.Equ
ilibrium method\T1/ptm/m/n/10 ),
 []


Underfull \hbox (badness 10000) in paragraph at lines 370--371
[]\T1/pcr/m/n/10 getShaping() \T1/ptm/m/n/10 (\T1/ptm/m/it/10 eq-tools.eqdskrea
der.EqdskReader
 []


Underfull \hbox (badness 10000) in paragraph at lines 372--373
[]\T1/pcr/m/n/10 getTauMHD() \T1/ptm/m/n/10 (\T1/ptm/m/it/10 eq-tools.AUGData.A
UGDDData
 []


Underfull \hbox (badness 10000) in paragraph at lines 375--376
[]\T1/pcr/m/n/10 getTauMHD() \T1/ptm/m/n/10 (\T1/ptm/m/it/10 eq-tools.eqdskread
er.EqdskReader
 []


Underfull \hbox (badness 10000) in paragraph at lines 376--377
[]\T1/pcr/m/n/10 getTauMHD() \T1/ptm/m/n/10 (\T1/ptm/m/it/10 eq-tools.TCVLIUQE.
TCVLIUQETree
 []


Underfull \hbox (badness 10000) in paragraph at lines 377--378
[]\T1/pcr/m/n/10 getTimeBase() \T1/ptm/m/n/10 (\T1/ptm/m/it/10 eq-tools.AUGData
.AUGDDData
 []


Underfull \hbox (badness 10000) in paragraph at lines 380--381
[]\T1/pcr/m/n/10 getTimeBase() \T1/ptm/m/n/10 (\T1/ptm/m/it/10 eq-tools.eqdskre
ader.EqdskReader
 []


Underfull \hbox (badness 10000) in paragraph at lines 381--383
[]\T1/pcr/m/n/10 getTimeBase() \T1/ptm/m/n/10 (\T1/ptm/m/it/10 eq-
 []


Underfull \hbox (badness 10000) in paragraph at lines 381--383
\T1/ptm/m/it/10 tools.FromArrays.ArrayEquilibrium method\T1/ptm/m/n/10 ),
 []


Underfull \hbox (badness 10000) in paragraph at lines 383--384
[]\T1/pcr/m/n/10 getTimeBase() \T1/ptm/m/n/10 (\T1/ptm/m/it/10 eq-
 []


Underfull \hbox (badness 10000) in paragraph at lines 383--384
\T1/ptm/m/it/10 tools.TCVLIUQE.TCVLIUQETree method\T1/ptm/m/n/10 ),
 []


Underfull \hbox (badness 10000) in paragraph at lines 384--386
[]\T1/pcr/m/n/10 getUpperTriangularity() \T1/ptm/m/n/10 (\T1/ptm/m/it/10 eq-
 []


Underfull \hbox (badness 10000) in paragraph at lines 386--388
[]\T1/pcr/m/n/10 getUpperTriangularity() \T1/ptm/m/n/10 (\T1/ptm/m/it/10 eq-
 []


Underfull \hbox (badness 10000) in paragraph at lines 388--389
[]\T1/pcr/m/n/10 getUpperTriangularity() \T1/ptm/m/n/10 (\T1/ptm/m/it/10 eq-
 []


Underfull \hbox (badness 10000) in paragraph at lines 389--391
[]\T1/pcr/m/n/10 getUpperTriangularity() \T1/ptm/m/n/10 (\T1/ptm/m/it/10 eq-
 []


Underfull \hbox (badness 10000) in paragraph at lines 389--391
\T1/ptm/m/it/10 tools.eqdskreader.EqdskReader method\T1/ptm/m/n/10 ),
 []


Underfull \hbox (badness 10000) in paragraph at lines 391--393
[]\T1/pcr/m/n/10 getUpperTriangularity() \T1/ptm/m/n/10 (\T1/ptm/m/it/10 eq-
 []


Underfull \hbox (badness 10000) in paragraph at lines 391--393
\T1/ptm/m/it/10 tools.TCVLIUQE.TCVLIUQETree method\T1/ptm/m/n/10 ),
 []


Underfull \hbox (badness 10000) in paragraph at lines 393--394
[]\T1/pcr/m/n/10 getVolLCFS() \T1/ptm/m/n/10 (\T1/ptm/m/it/10 eq-tools.AUGData.
AUGDDData
 []


Underfull \hbox (badness 10000) in paragraph at lines 394--395
[]\T1/pcr/m/n/10 getVolLCFS() \T1/ptm/m/n/10 (\T1/ptm/m/it/10 eq-tools.core.Equ
ilibrium method\T1/ptm/m/n/10 ),
 []


Underfull \hbox (badness 10000) in paragraph at lines 396--397
[]\T1/pcr/m/n/10 getVolLCFS() \T1/ptm/m/n/10 (\T1/ptm/m/it/10 eq-tools.eqdskrea
der.EqdskReader
 []


Underfull \hbox (badness 10000) in paragraph at lines 397--398
[]\T1/pcr/m/n/10 getVolLCFS() \T1/ptm/m/n/10 (\T1/ptm/m/it/10 eq-tools.NSTXEFIT
.NSTXEFITTree
 []


Underfull \hbox (badness 10000) in paragraph at lines 399--400
[]\T1/pcr/m/n/10 getWbdot() \T1/ptm/m/n/10 (\T1/ptm/m/it/10 eq-tools.AUGData.AU
GDDData
 []


Underfull \hbox (badness 10000) in paragraph at lines 402--403
[]\T1/pcr/m/n/10 getWbdot() \T1/ptm/m/n/10 (\T1/ptm/m/it/10 eq-tools.eqdskreade
r.EqdskReader
 []


Underfull \hbox (badness 10000) in paragraph at lines 406--407
[]\T1/pcr/m/n/10 getWMHD() \T1/ptm/m/n/10 (\T1/ptm/m/it/10 eq-tools.eqdskreader
.EqdskReader
 []


Underfull \hbox (badness 10000) in paragraph at lines 407--408
[]\T1/pcr/m/n/10 getWpdot() \T1/ptm/m/n/10 (\T1/ptm/m/it/10 eq-tools.AUGData.AU
GDDData
 []

[198]
Underfull \hbox (badness 10000) in paragraph at lines 410--411
[]\T1/pcr/m/n/10 getWpdot() \T1/ptm/m/n/10 (\T1/ptm/m/it/10 eq-tools.eqdskreade
r.EqdskReader
 []


Underfull \hbox (badness 10000) in paragraph at lines 411--412
[]\T1/pcr/m/n/10 getZGrid() \T1/ptm/m/n/10 (\T1/ptm/m/it/10 eq-tools.AUGData.AU
GDDData
 []


Underfull \hbox (badness 10000) in paragraph at lines 414--415
[]\T1/pcr/m/n/10 getZGrid() \T1/ptm/m/n/10 (\T1/ptm/m/it/10 eq-tools.eqdskreade
r.EqdskReader
 []


Underfull \hbox (badness 10000) in paragraph at lines 415--416
[]\T1/pcr/m/n/10 getZGrid() \T1/ptm/m/n/10 (\T1/ptm/m/it/10 eq-tools.FromArrays
.ArrayEquilibrium
 []


Underfull \hbox (badness 10000) in paragraph at lines 416--417
[]\T1/pcr/m/n/10 getZGrid() \T1/ptm/m/n/10 (\T1/ptm/m/it/10 eq-tools.TCVLIUQE.T
CVLIUQETree
 []


Underfull \hbox (badness 10000) in paragraph at lines 417--418
[]\T1/pcr/m/n/10 getZLCFS() \T1/ptm/m/n/10 (\T1/ptm/m/it/10 eq-tools.AUGData.AU
GDDData
 []


Underfull \hbox (badness 10000) in paragraph at lines 418--419
[]\T1/pcr/m/n/10 getZLCFS() \T1/ptm/m/n/10 (\T1/ptm/m/it/10 eq-tools.CModEFIT.C
ModEFITTree
 []


Underfull \hbox (badness 10000) in paragraph at lines 421--422
[]\T1/pcr/m/n/10 getZLCFS() \T1/ptm/m/n/10 (\T1/ptm/m/it/10 eq-tools.eqdskreade
r.EqdskReader
 []


Underfull \hbox (badness 10000) in paragraph at lines 422--423
[]\T1/pcr/m/n/10 getZLCFS() \T1/ptm/m/n/10 (\T1/ptm/m/it/10 eq-tools.FromArrays
.ArrayEquilibrium
 []


Underfull \hbox (badness 10000) in paragraph at lines 423--424
[]\T1/pcr/m/n/10 getZLCFS() \T1/ptm/m/n/10 (\T1/ptm/m/it/10 eq-tools.TCVLIUQE.T
CVLIUQETree
 []


Underfull \hbox (badness 10000) in paragraph at lines 445--446
[]\T1/pcr/m/n/10 phinorm2FFPrime() \T1/ptm/m/n/10 (\T1/ptm/m/it/10 eq-tools.cor
e.Equilibrium
 []


Underfull \hbox (badness 10000) in paragraph at lines 447--448
[]\T1/pcr/m/n/10 phinorm2pprime() \T1/ptm/m/n/10 (\T1/ptm/m/it/10 eq-tools.core
.Equilibrium
 []


Underfull \hbox (badness 10000) in paragraph at lines 448--449
[]\T1/pcr/m/n/10 phinorm2psinorm() \T1/ptm/m/n/10 (\T1/ptm/m/it/10 eq-tools.cor
e.Equilibrium
 []


Underfull \hbox (badness 10000) in paragraph at lines 454--455
[]\T1/pcr/m/n/10 phinorm2volnorm() \T1/ptm/m/n/10 (\T1/ptm/m/it/10 eq-tools.cor
e.Equilibrium
 []


Underfull \hbox (badness 10000) in paragraph at lines 457--458
[]\T1/pcr/m/n/10 plotFlux() \T1/ptm/m/n/10 (\T1/ptm/m/it/10 eq-tools.eqdskreade
r.EqdskReader
 []


Underfull \hbox (badness 10000) in paragraph at lines 458--459
[]\T1/pcr/m/n/10 plotFlux() \T1/ptm/m/n/10 (\T1/ptm/m/it/10 eq-tools.TCVLIUQE.T
CVLIUQETree
 []


Underfull \hbox (badness 10000) in paragraph at lines 461--462
[]\T1/pcr/m/n/10 psinorm2FFPrime() \T1/ptm/m/n/10 (\T1/ptm/m/it/10 eq-tools.cor
e.Equilibrium
 []


Underfull \hbox (badness 10000) in paragraph at lines 463--464
[]\T1/pcr/m/n/10 psinorm2phinorm() \T1/ptm/m/n/10 (\T1/ptm/m/it/10 eq-tools.cor
e.Equilibrium
 []


Underfull \hbox (badness 10000) in paragraph at lines 464--466
[]\T1/pcr/m/n/10 psinorm2phinorm() \T1/ptm/m/n/10 (\T1/ptm/m/it/10 eq-
 []


Underfull \hbox (badness 10000) in paragraph at lines 464--466
\T1/ptm/m/it/10 tools.eqdskreader.EqdskReader method\T1/ptm/m/n/10 ),
 []


Underfull \hbox (badness 10000) in paragraph at lines 466--467
[]\T1/pcr/m/n/10 psinorm2pprime() \T1/ptm/m/n/10 (\T1/ptm/m/it/10 eq-tools.core
.Equilibrium
 []


Underfull \hbox (badness 10000) in paragraph at lines 473--474
[]\T1/pcr/m/n/10 psinorm2volnorm() \T1/ptm/m/n/10 (\T1/ptm/m/it/10 eq-tools.cor
e.Equilibrium
 []


Underfull \hbox (badness 10000) in paragraph at lines 474--476
[]\T1/pcr/m/n/10 psinorm2volnorm() \T1/ptm/m/n/10 (\T1/ptm/m/it/10 eq-
 []


Underfull \hbox (badness 10000) in paragraph at lines 474--476
\T1/ptm/m/it/10 tools.eqdskreader.EqdskReader method\T1/ptm/m/n/10 ),
 []


Underfull \hbox (badness 10000) in paragraph at lines 476--477
[]\T1/pcr/m/n/10 psinorm2volnorm() \T1/ptm/m/n/10 (\T1/ptm/m/it/10 eq-
 []


Underfull \hbox (badness 10000) in paragraph at lines 476--477
\T1/ptm/m/it/10 tools.NSTXEFIT.NSTXEFITTree method\T1/ptm/m/n/10 ),
 []


Underfull \hbox (badness 10000) in paragraph at lines 480--481
[]\T1/pcr/m/n/10 readAFile() \T1/ptm/m/n/10 (\T1/ptm/m/it/10 eq-tools.eqdskread
er.EqdskReader
 []


Underfull \hbox (badness 10000) in paragraph at lines 482--483
[]\T1/pcr/m/n/10 remapLCFS() \T1/ptm/m/n/10 (\T1/ptm/m/it/10 eq-tools.AUGData.A
UGDDData
 []

[199]
Underfull \hbox (badness 10000) in paragraph at lines 485--486
[]\T1/pcr/m/n/10 remapLCFS() \T1/ptm/m/n/10 (\T1/ptm/m/it/10 eq-tools.eqdskread
er.EqdskReader
 []


Underfull \hbox (badness 10000) in paragraph at lines 503--504
[]\T1/pcr/m/n/10 roa2pprime() \T1/ptm/m/n/10 (\T1/ptm/m/it/10 eq-tools.core.Equ
ilibrium method\T1/ptm/m/n/10 ),
 []


Underfull \hbox (badness 10000) in paragraph at lines 517--518
[]\T1/pcr/m/n/10 rz2FFPrime() \T1/ptm/m/n/10 (\T1/ptm/m/it/10 eq-tools.core.Equ
ilibrium method\T1/ptm/m/n/10 ),
 []


Underfull \hbox (badness 10000) in paragraph at lines 518--519
[]\T1/pcr/m/n/10 rz2FieldLineTrace() \T1/ptm/m/n/10 (\T1/ptm/m/it/10 eq-tools.c
ore.Equilibrium
 []


Underfull \hbox (badness 10000) in paragraph at lines 525--526
[]\T1/pcr/m/n/10 rz2phinorm() \T1/ptm/m/n/10 (\T1/ptm/m/it/10 eq-tools.eqdskrea
der.EqdskReader
 []


Underfull \hbox (badness 10000) in paragraph at lines 530--531
[]\T1/pcr/m/n/10 rz2psinorm() \T1/ptm/m/n/10 (\T1/ptm/m/it/10 eq-tools.eqdskrea
der.EqdskReader
 []


Underfull \hbox (badness 10000) in paragraph at lines 535--536
[]\T1/pcr/m/n/10 rz2rmid() \T1/ptm/m/n/10 (\T1/ptm/m/it/10 eq-tools.eqdskreader
.EqdskReader
 []


Underfull \hbox (badness 10000) in paragraph at lines 539--540
[]\T1/pcr/m/n/10 rz2volnorm() \T1/ptm/m/n/10 (\T1/ptm/m/it/10 eq-tools.eqdskrea
der.EqdskReader
 []


Underfull \hbox (badness 10000) in paragraph at lines 540--541
[]\T1/pcr/m/n/10 rz2volnorm() \T1/ptm/m/n/10 (\T1/ptm/m/it/10 eq-tools.NSTXEFIT
.NSTXEFITTree
 []


Underfull \hbox (badness 10000) in paragraph at lines 553--554
[]\T1/pcr/m/n/10 UnivariateInterpolator \T1/ptm/m/n/10 (\T1/ptm/m/it/10 class i
n eq-
 []


Underfull \hbox (badness 10000) in paragraph at lines 558--559
[]\T1/pcr/m/n/10 volnorm2FFPrime() \T1/ptm/m/n/10 (\T1/ptm/m/it/10 eq-tools.cor
e.Equilibrium
 []


Underfull \hbox (badness 10000) in paragraph at lines 560--561
[]\T1/pcr/m/n/10 volnorm2phinorm() \T1/ptm/m/n/10 (\T1/ptm/m/it/10 eq-tools.cor
e.Equilibrium
 []


Underfull \hbox (badness 10000) in paragraph at lines 561--562
[]\T1/pcr/m/n/10 volnorm2pprime() \T1/ptm/m/n/10 (\T1/ptm/m/it/10 eq-tools.core
.Equilibrium
 []


Underfull \hbox (badness 10000) in paragraph at lines 562--563
[]\T1/pcr/m/n/10 volnorm2psinorm() \T1/ptm/m/n/10 (\T1/ptm/m/it/10 eq-tools.cor
e.Equilibrium
 []

[200] [201

])
Package atveryend Info: Empty hook `BeforeClearDocument' on input line 21782.
Package atveryend Info: Empty hook `AfterLastShipout' on input line 21782.
 (./eqtools.aux)
Package atveryend Info: Executing hook `AtVeryEndDocument' on input line 21782.

Package atveryend Info: Executing hook `AtEndAfterFileList' on input line 21782
.
Package rerunfilecheck Info: File `eqtools.out' has not changed.
(rerunfilecheck)             Checksum: ACA36A04C07C59C9D51B5DA430ED2D9D;3807.
Package atveryend Info: Empty hook `AtVeryVeryEnd' on input line 21782.
 ) 
Here is how much of TeX's memory you used:
 14655 strings out of 492609
 218957 string characters out of 6129048
 323309 words of memory out of 5000000
 17570 multiletter control sequences out of 15000+600000
 57552 words of font info for 81 fonts, out of 8000000 for 9000
 1142 hyphenation exceptions out of 8191
 37i,17n,45p,1356b,787s stack positions out of 5000i,500n,10000p,200000b,80000s
{/usr/local/texlive/2019/texmf-dist/fonts/enc/dvips/base/8r.enc}</usr/local/t
exlive/2019/texmf-dist/fonts/type1/public/amsfonts/cm/cmex10.pfb></usr/local/te
xlive/2019/texmf-dist/fonts/type1/public/amsfonts/cm/cmmi10.pfb></usr/local/tex
live/2019/texmf-dist/fonts/type1/public/amsfonts/cm/cmmi5.pfb></usr/local/texli
ve/2019/texmf-dist/fonts/type1/public/amsfonts/cm/cmmi7.pfb></usr/local/texlive
/2019/texmf-dist/fonts/type1/public/amsfonts/cm/cmr10.pfb></usr/local/texlive/2
019/texmf-dist/fonts/type1/public/amsfonts/cm/cmr7.pfb></usr/local/texlive/2019
/texmf-dist/fonts/type1/public/amsfonts/cm/cmsy10.pfb></usr/local/texlive/2019/
texmf-dist/fonts/type1/public/amsfonts/cm/cmsy5.pfb></usr/local/texlive/2019/te
xmf-dist/fonts/type1/public/amsfonts/cm/cmsy7.pfb></usr/local/texlive/2019/texm
f-dist/fonts/type1/urw/courier/ucrb8a.pfb></usr/local/texlive/2019/texmf-dist/f
onts/type1/urw/courier/ucrbo8a.pfb></usr/local/texlive/2019/texmf-dist/fonts/ty
pe1/urw/courier/ucrr8a.pfb></usr/local/texlive/2019/texmf-dist/fonts/type1/urw/
courier/ucrro8a.pfb></usr/local/texlive/2019/texmf-dist/fonts/type1/urw/helveti
c/uhvb8a.pfb></usr/local/texlive/2019/texmf-dist/fonts/type1/urw/helvetic/uhvbo
8a.pfb></usr/local/texlive/2019/texmf-dist/fonts/type1/urw/helvetic/uhvr8a.pfb>
</usr/local/texlive/2019/texmf-dist/fonts/type1/urw/times/utmb8a.pfb></usr/loca
l/texlive/2019/texmf-dist/fonts/type1/urw/times/utmr8a.pfb></usr/local/texlive/
2019/texmf-dist/fonts/type1/urw/times/utmri8a.pfb>
Output written on eqtools.pdf (205 pages, 752287 bytes).
PDF statistics:
 2376 PDF objects out of 2487 (max. 8388607)
 2123 compressed objects within 22 object streams
 695 named destinations out of 1000 (max. 500000)
 205 words of extra memory for PDF output out of 10000 (max. 10000000)

