mktextfm ptmr8t
mktextfm ptmr8t
mktextfm phvr8t
mktextfm phvb8t
mktextfm nullfont
mktextfm ptmri8t
mktextfm ptmri8t
mktextfm phvro8t
mktextfm nullfont
mktextfm phvbo8t
mktextfm nullfont
mktextfm nullfont
mktextfm ptmr8t
mktextfm phvr8t
mktextfm phvb8t
mktextfm nullfont
mktextfm ptmr8t
mktextfm ptmb8t
mktextfm nullfont
mktextfm phvr8t
mktextfm phvb8t
mktextfm nullfont
mktextfm phvb8t
mktextfm nullfont
mktextfm ptmr8t
mktextfm phvr8t
mktextfm phvr8t
mktextfm phvb8t
mktextfm nullfont
mktextfm pcrb8t
mktextfm nullfont
mktextfm pcrr8t
mktextfm pcrb8t
mktextfm nullfont
mktextfm ptmr8c
